#
# There is insufficient memory for the Java Runtime Environment to continue.
# Native memory allocation (malloc) failed to allocate 685136 bytes. Error detail: Chunk::new
# Possible reasons:
#   The system is out of physical RAM or swap space
#   This process is running with CompressedOops enabled, and the Java Heap may be blocking the growth of the native heap
# Possible solutions:
#   Reduce memory load on the system
#   Increase physical memory or swap space
#   Check if swap backing store is full
#   Decrease Java heap size (-Xmx/-Xms)
#   Decrease number of Java threads
#   Decrease Java thread stack sizes (-Xss)
#   Set larger code cache with -XX:ReservedCodeCacheSize=
#   JVM is running with Unscaled Compressed Oops mode in which the Java heap is
#     placed in the first 4GB address space. The Java Heap base address is the
#     maximum limit for the native heap growth. Please use -XX:HeapBaseMinAddress
#     to set the Java Heap base and to place the Java Heap above 4GB virtual address.
# This output file may be truncated or incomplete.
#
#  Out of Memory Error (arena.cpp:168), pid=22864, tid=4820
#
# JRE version: OpenJDK Runtime Environment Temurin-21.0.10+7 (21.0.10+7) (build 21.0.10+7-LTS)
# Java VM: OpenJDK 64-Bit Server VM Temurin-21.0.10+7 (21.0.10+7-LTS, mixed mode, sharing, tiered, compressed oops, compressed class ptrs, parallel gc, windows-amd64)
# No core dump will be written. Minidumps are not enabled by default on client versions of Windows
#

---------------  S U M M A R Y ------------

Command Line: --add-modules=ALL-SYSTEM --add-opens=java.base/java.util=ALL-UNNAMED --add-opens=java.base/java.lang=ALL-UNNAMED --add-opens=java.base/sun.nio.fs=ALL-UNNAMED -Declipse.application=org.eclipse.jdt.ls.core.id1 -Dosgi.bundles.defaultStartLevel=4 -Declipse.product=org.eclipse.jdt.ls.core.product -Djava.import.generatesMetadataFilesAtProjectRoot=false -DDetectVMInstallationsJob.disabled=true -Dfile.encoding=utf8 -XX:+UseParallelGC -XX:GCTimeRatio=4 -XX:AdaptiveSizePolicyWeight=90 -Dsun.zip.disableMemoryMapping=true -Xmx2G -Xms100m -Xlog:disable -javaagent:c:\Users\VAISHNAVI\.vscode\extensions\redhat.java-1.54.0-win32-x64\lombok\lombok-1.18.39-4050.jar -XX:+HeapDumpOnOutOfMemoryError -XX:HeapDumpPath=c:\Users\VAISHNAVI\AppData\Roaming\Code\User\workspaceStorage\a6377ebf1ce38944ae294ffc57bcb8fb\redhat.java -Daether.dependencyCollector.impl=bf c:\Users\VAISHNAVI\.vscode\extensions\redhat.java-1.54.0-win32-x64\server\plugins\org.eclipse.equinox.launcher_1.7.100.v20251111-0406.jar -configuration c:\Users\VAISHNAVI\AppData\Roaming\Code\User\globalStorage\redhat.java\1.54.0\config_win -data c:\Users\VAISHNAVI\AppData\Roaming\Code\User\workspaceStorage\a6377ebf1ce38944ae294ffc57bcb8fb\redhat.java\jdt_ws --pipe=\\.\pipe\lsp-3c3cd16df6b141096db3ee014c325269-sock

Host: AMD Ryzen 5 5500U with Radeon Graphics         , 12 cores, 7G,  Windows 11 , 64 bit Build 26100 (10.0.26100.8246)
Time: Thu Apr 23 17:03:26 2026 India Standard Time elapsed time: 25.195423 seconds (0d 0h 0m 25s)

---------------  T H R E A D  ---------------

Current thread (0x00000292b5c29730):  JavaThread "C2 CompilerThread0" daemon [_thread_in_native, id=4820, stack(0x000000c656900000,0x000000c656a00000) (1024K)]


Current CompileTask:
C2:25195 1824 %     4       org.eclipse.osgi.util.ManifestElement::readLine @ 0 (122 bytes)

Stack: [0x000000c656900000,0x000000c656a00000]
Native frames: (J=compiled Java code, j=interpreted, Vv=VM code, C=native code)
V  [jvm.dll+0x6d7a39]
V  [jvm.dll+0x8b4b26]
V  [jvm.dll+0x8b70de]
V  [jvm.dll+0x8b77c3]
V  [jvm.dll+0x284346]
V  [jvm.dll+0xc66ed]
V  [jvm.dll+0xc6c31]
V  [jvm.dll+0x3bec01]
V  [jvm.dll+0x38b162]
V  [jvm.dll+0x38a5aa]
V  [jvm.dll+0x24c560]
V  [jvm.dll+0x24bb40]
V  [jvm.dll+0x1cb34e]
V  [jvm.dll+0x25b85d]
V  [jvm.dll+0x259dea]
V  [jvm.dll+0x3f857e]
V  [jvm.dll+0x85f59d]
V  [jvm.dll+0x6d626d]
C  [ucrtbase.dll+0x37b0]
C  [KERNEL32.DLL+0x2e8d7]
C  [ntdll.dll+0x8c3fc]


---------------  P R O C E S S  ---------------

Threads class SMR info:
_java_thread_list=0x00000293146bf4d0, length=14, elements={
0x00000292b38057b0, 0x00000292b5c193c0, 0x00000292b5c1e9d0, 0x00000292b5c239b0,
0x00000292b5c25420, 0x00000292b5c25e80, 0x00000292b5c268e0, 0x00000292b5c29730,
0x000002930e9f2a50, 0x000002930ec03f20, 0x000002930ecf5620, 0x00000293146d1ec0,
0x0000029314801020, 0x00000293148016b0
}

Java Threads: ( => current thread )
  0x00000292b38057b0 JavaThread "main"                              [_thread_in_Java, id=26212, stack(0x000000c655f00000,0x000000c656000000) (1024K)]
  0x00000292b5c193c0 JavaThread "Reference Handler"          daemon [_thread_blocked, id=21656, stack(0x000000c656300000,0x000000c656400000) (1024K)]
  0x00000292b5c1e9d0 JavaThread "Finalizer"                  daemon [_thread_blocked, id=4016, stack(0x000000c656400000,0x000000c656500000) (1024K)]
  0x00000292b5c239b0 JavaThread "Signal Dispatcher"          daemon [_thread_blocked, id=37380, stack(0x000000c656500000,0x000000c656600000) (1024K)]
  0x00000292b5c25420 JavaThread "Attach Listener"            daemon [_thread_blocked, id=12092, stack(0x000000c656600000,0x000000c656700000) (1024K)]
  0x00000292b5c25e80 JavaThread "Service Thread"             daemon [_thread_blocked, id=37376, stack(0x000000c656700000,0x000000c656800000) (1024K)]
  0x00000292b5c268e0 JavaThread "Monitor Deflation Thread"   daemon [_thread_blocked, id=36268, stack(0x000000c656800000,0x000000c656900000) (1024K)]
=>0x00000292b5c29730 JavaThread "C2 CompilerThread0"         daemon [_thread_in_native, id=4820, stack(0x000000c656900000,0x000000c656a00000) (1024K)]
  0x000002930e9f2a50 JavaThread "C1 CompilerThread0"         daemon [_thread_blocked, id=27772, stack(0x000000c656a00000,0x000000c656b00000) (1024K)]
  0x000002930ec03f20 JavaThread "Common-Cleaner"             daemon [_thread_blocked, id=2556, stack(0x000000c656b00000,0x000000c656c00000) (1024K)]
  0x000002930ecf5620 JavaThread "Notification Thread"        daemon [_thread_blocked, id=13804, stack(0x000000c656c00000,0x000000c656d00000) (1024K)]
  0x00000293146d1ec0 JavaThread "Active Thread: Equinox Container: fd3a1203-4314-4df6-add3-a608f9615a62"        [_thread_blocked, id=35684, stack(0x000000c657900000,0x000000c657a00000) (1024K)]
  0x0000029314801020 JavaThread "Framework Event Dispatcher: Equinox Container: fd3a1203-4314-4df6-add3-a608f9615a62" daemon [_thread_blocked, id=23468, stack(0x000000c656d00000,0x000000c656e00000) (1024K)]
  0x00000293148016b0 JavaThread "Start Level: Equinox Container: fd3a1203-4314-4df6-add3-a608f9615a62" daemon [_thread_blocked, id=7936, stack(0x000000c657400000,0x000000c657500000) (1024K)]
Total: 14

Other Threads:
  0x00000292b5d26220 VMThread "VM Thread"                           [id=21896, stack(0x000000c656200000,0x000000c656300000) (1024K)]
  0x00000292b5b0ca00 WatcherThread "VM Periodic Task Thread"        [id=37348, stack(0x000000c656100000,0x000000c656200000) (1024K)]
  0x00000292b5ca82c0 WorkerThread "GC Thread#0"                     [id=36280, stack(0x000000c656000000,0x000000c656100000) (1024K)]
  0x0000029314267cb0 WorkerThread "GC Thread#1"                     [id=26756, stack(0x000000c656e00000,0x000000c656f00000) (1024K)]
  0x00000293145a2010 WorkerThread "GC Thread#2"                     [id=3552, stack(0x000000c656f00000,0x000000c657000000) (1024K)]
  0x00000293142875a0 WorkerThread "GC Thread#3"                     [id=5576, stack(0x000000c657000000,0x000000c657100000) (1024K)]
  0x0000029314287950 WorkerThread "GC Thread#4"                     [id=30544, stack(0x000000c657100000,0x000000c657200000) (1024K)]
  0x0000029314287d00 WorkerThread "GC Thread#5"                     [id=22116, stack(0x000000c657200000,0x000000c657300000) (1024K)]
  0x00000293142888c0 WorkerThread "GC Thread#6"                     [id=21212, stack(0x000000c657300000,0x000000c657400000) (1024K)]
  0x000002930e9e2ec0 WorkerThread "GC Thread#7"                     [id=18700, stack(0x000000c657500000,0x000000c657600000) (1024K)]
Total: 10

Threads with active compile tasks:
C2 CompilerThread0  25258 1824 %     4       org.eclipse.osgi.util.ManifestElement::readLine @ 0 (122 bytes)
Total: 1

VM state: not at safepoint (normal execution)

VM Mutex/Monitor currently owned by a thread: None

Heap address: 0x0000000080000000, size: 2048 MB, Compressed Oops mode: 32-bit

CDS archive(s) mapped at: [0x00000292cd000000-0x00000292cdba0000-0x00000292cdba0000), size 12189696, SharedBaseAddress: 0x00000292cd000000, ArchiveRelocationMode: 1.
Compressed class space mapped at: 0x00000292ce000000-0x000002930e000000, reserved size: 1073741824
Narrow klass base: 0x00000292cd000000, Narrow klass shift: 0, Narrow klass range: 0x100000000

GC Precious Log:
 CardTable entry size: 512
 CPUs: 12 total, 12 available
 Memory: 7501M
 Large Page Support: Disabled
 NUMA Support: Disabled
 Compressed Oops: Enabled (32-bit)
 Alignments: Space 512K, Generation 512K, Heap 2M
 Heap Min Capacity: 100M
 Heap Initial Capacity: 100M
 Heap Max Capacity: 2G
 Pre-touch: Disabled
 Parallel Workers: 10

Heap:
 PSYoungGen      total 29696K, used 12155K [0x00000000d5580000, 0x00000000d7680000, 0x0000000100000000)
  eden space 25600K, 31% used [0x00000000d5580000,0x00000000d5d62cb8,0x00000000d6e80000)
  from space 4096K, 99% used [0x00000000d7280000,0x00000000d767c148,0x00000000d7680000)
  to   space 4096K, 0% used [0x00000000d6e80000,0x00000000d6e80000,0x00000000d7280000)
 ParOldGen       total 68608K, used 72K [0x0000000080000000, 0x0000000084300000, 0x00000000d5580000)
  object space 68608K, 0% used [0x0000000080000000,0x0000000080012000,0x0000000084300000)
 Metaspace       used 8485K, committed 8768K, reserved 1114112K
  class space    used 890K, committed 1024K, reserved 1048576K

Card table byte_map: [0x00000292b5620000,0x00000292b5a30000] _byte_map_base: 0x00000292b5220000

Marking Bits: (ParMarkBitMap*) 0x00007ffa42ea3450
 Begin Bits: [0x00000292c8130000, 0x00000292ca130000)
 End Bits:   [0x00000292ca130000, 0x00000292cc130000)

Polling page: 0x00000292b3ab0000

Metaspace:

Usage:
  Non-class:      7.42 MB used.
      Class:    890.05 KB used.
       Both:      8.29 MB used.

Virtual space:
  Non-class space:       64.00 MB reserved,       7.56 MB ( 12%) committed,  1 nodes.
      Class space:        1.00 GB reserved,       1.00 MB ( <1%) committed,  1 nodes.
             Both:        1.06 GB reserved,       8.56 MB ( <1%) committed. 

Chunk freelists:
   Non-Class:  8.00 MB
       Class:  14.88 MB
        Both:  22.88 MB

MaxMetaspaceSize: unlimited
CompressedClassSpaceSize: 1.00 GB
Initial GC threshold: 21.00 MB
Current GC threshold: 21.00 MB
CDS: on
 - commit_granule_bytes: 65536.
 - commit_granule_words: 8192.
 - virtual_space_node_default_size: 8388608.
 - enlarge_chunks_in_place: 1.
 - use_allocation_guard: 0.


Internal statistics:

num_allocs_failed_limit: 0.
num_arena_births: 224.
num_arena_deaths: 0.
num_vsnodes_births: 2.
num_vsnodes_deaths: 0.
num_space_committed: 137.
num_space_uncommitted: 0.
num_chunks_returned_to_freelist: 0.
num_chunks_taken_from_freelist: 423.
num_chunk_merges: 0.
num_chunk_splits: 277.
num_chunks_enlarged: 189.
num_inconsistent_stats: 0.

CodeHeap 'non-profiled nmethods': size=120000Kb used=739Kb max_used=739Kb free=119260Kb
 bounds [0x00000292c0950000, 0x00000292c0bc0000, 0x00000292c7e80000]
CodeHeap 'profiled nmethods': size=120000Kb used=3535Kb max_used=3535Kb free=116464Kb
 bounds [0x00000292b8e80000, 0x00000292b9200000, 0x00000292c03b0000]
CodeHeap 'non-nmethods': size=5760Kb used=1211Kb max_used=1231Kb free=4548Kb
 bounds [0x00000292c03b0000, 0x00000292c0620000, 0x00000292c0950000]
CodeCache: size=245760Kb, used=5485Kb, max_used=5505Kb, free=240272Kb
 total_blobs=2347, nmethods=1870, adapters=384, full_count=0
Compilation: enabled, stopped_count=0, restarted_count=0

Compilation events (20 events):
Event: 23.147 Thread 0x000002930e9f2a50 1847       3       java.util.LinkedHashMap$LinkedValueIterator::next (8 bytes)
Event: 23.147 Thread 0x000002930e9f2a50 nmethod 1847 0x00000292b91e9890 code [0x00000292b91e9a40, 0x00000292b91e9b80]
Event: 23.147 Thread 0x000002930e9f2a50 1848       3       java.util.concurrent.locks.ReentrantReadWriteLock$ReadLock::lock (9 bytes)
Event: 23.147 Thread 0x000002930e9f2a50 nmethod 1848 0x00000292b91e9c90 code [0x00000292b91e9e40, 0x00000292b91e9f88]
Event: 23.154 Thread 0x000002930e9f2a50 1850       1       org.eclipse.osgi.storage.BundleInfo::getBundleId (5 bytes)
Event: 23.154 Thread 0x000002930e9f2a50 nmethod 1850 0x00000292c0a08390 code [0x00000292c0a08520, 0x00000292c0a085e8]
Event: 23.158 Thread 0x000002930e9f2a50 1852       3       java.io.FilterInputStream::read (11 bytes)
Event: 23.159 Thread 0x000002930e9f2a50 nmethod 1852 0x00000292b91ea090 code [0x00000292b91ea240, 0x00000292b91ea418]
Event: 23.160 Thread 0x000002930e9f2a50 1853       1       org.eclipse.osgi.container.Module::getState (5 bytes)
Event: 23.160 Thread 0x000002930e9f2a50 nmethod 1853 0x00000292c0a08690 code [0x00000292c0a08820, 0x00000292c0a088e8]
Event: 23.166 Thread 0x000002930e9f2a50 1854       3       org.eclipse.osgi.framework.eventmgr.CopyOnWriteIdentityMap::entrySet (15 bytes)
Event: 23.167 Thread 0x000002930e9f2a50 nmethod 1854 0x00000292b91ea510 code [0x00000292b91ea6e0, 0x00000292b91eab88]
Event: 23.167 Thread 0x000002930e9f2a50 1855       3       org.eclipse.osgi.framework.eventmgr.CopyOnWriteIdentityMap$Snapshot::<init> (10 bytes)
Event: 23.167 Thread 0x000002930e9f2a50 nmethod 1855 0x00000292b91ead90 code [0x00000292b91eaf40, 0x00000292b91eb0c8]
Event: 23.168 Thread 0x000002930e9f2a50 1856       3       sun.nio.fs.NativeBuffers::getNativeBufferFromCache (51 bytes)
Event: 23.169 Thread 0x000002930e9f2a50 nmethod 1856 0x00000292b91eb190 code [0x00000292b91eb380, 0x00000292b91eba88]
Event: 23.169 Thread 0x000002930e9f2a50 1857       3       sun.nio.fs.NativeBuffer::close (5 bytes)
Event: 23.169 Thread 0x000002930e9f2a50 nmethod 1857 0x00000292b91ebc90 code [0x00000292b91ebe40, 0x00000292b91ebfe8]
Event: 23.169 Thread 0x000002930e9f2a50 1858       3       sun.nio.fs.NativeBuffer::release (5 bytes)
Event: 23.169 Thread 0x000002930e9f2a50 nmethod 1858 0x00000292b91ec090 code [0x00000292b91ec240, 0x00000292b91ec378]

GC Heap History (4 events):
Event: 3.307 GC heap before
{Heap before GC invocations=1 (full 0):
 PSYoungGen      total 29696K, used 25600K [0x00000000d5580000, 0x00000000d7680000, 0x0000000100000000)
  eden space 25600K, 100% used [0x00000000d5580000,0x00000000d6e80000,0x00000000d6e80000)
  from space 4096K, 0% used [0x00000000d7280000,0x00000000d7280000,0x00000000d7680000)
  to   space 4096K, 0% used [0x00000000d6e80000,0x00000000d6e80000,0x00000000d7280000)
 ParOldGen       total 68608K, used 0K [0x0000000080000000, 0x0000000084300000, 0x00000000d5580000)
  object space 68608K, 0% used [0x0000000080000000,0x0000000080000000,0x0000000084300000)
 Metaspace       used 4501K, committed 4736K, reserved 1114112K
  class space    used 492K, committed 576K, reserved 1048576K
}
Event: 3.323 GC heap after
{Heap after GC invocations=1 (full 0):
 PSYoungGen      total 29696K, used 3255K [0x00000000d5580000, 0x00000000d7680000, 0x0000000100000000)
  eden space 25600K, 0% used [0x00000000d5580000,0x00000000d5580000,0x00000000d6e80000)
  from space 4096K, 79% used [0x00000000d6e80000,0x00000000d71ade88,0x00000000d7280000)
  to   space 4096K, 0% used [0x00000000d7280000,0x00000000d7280000,0x00000000d7680000)
 ParOldGen       total 68608K, used 16K [0x0000000080000000, 0x0000000084300000, 0x00000000d5580000)
  object space 68608K, 0% used [0x0000000080000000,0x0000000080004000,0x0000000084300000)
 Metaspace       used 4501K, committed 4736K, reserved 1114112K
  class space    used 492K, committed 576K, reserved 1048576K
}
Event: 21.857 GC heap before
{Heap before GC invocations=2 (full 0):
 PSYoungGen      total 29696K, used 28855K [0x00000000d5580000, 0x00000000d7680000, 0x0000000100000000)
  eden space 25600K, 100% used [0x00000000d5580000,0x00000000d6e80000,0x00000000d6e80000)
  from space 4096K, 79% used [0x00000000d6e80000,0x00000000d71ade88,0x00000000d7280000)
  to   space 4096K, 0% used [0x00000000d7280000,0x00000000d7280000,0x00000000d7680000)
 ParOldGen       total 68608K, used 16K [0x0000000080000000, 0x0000000084300000, 0x00000000d5580000)
  object space 68608K, 0% used [0x0000000080000000,0x0000000080004000,0x0000000084300000)
 Metaspace       used 8392K, committed 8640K, reserved 1114112K
  class space    used 889K, committed 1024K, reserved 1048576K
}
Event: 21.882 GC heap after
{Heap after GC invocations=2 (full 0):
 PSYoungGen      total 29696K, used 4080K [0x00000000d5580000, 0x00000000d7680000, 0x0000000100000000)
  eden space 25600K, 0% used [0x00000000d5580000,0x00000000d5580000,0x00000000d6e80000)
  from space 4096K, 99% used [0x00000000d7280000,0x00000000d767c148,0x00000000d7680000)
  to   space 4096K, 0% used [0x00000000d6e80000,0x00000000d6e80000,0x00000000d7280000)
 ParOldGen       total 68608K, used 72K [0x0000000080000000, 0x0000000084300000, 0x00000000d5580000)
  object space 68608K, 0% used [0x0000000080000000,0x0000000080012000,0x0000000084300000)
 Metaspace       used 8392K, committed 8640K, reserved 1114112K
  class space    used 889K, committed 1024K, reserved 1048576K
}

Dll operation events (8 events):
Event: 0.784 Loaded shared library c:\Users\VAISHNAVI\.vscode\extensions\redhat.java-1.54.0-win32-x64\jre\21.0.10-win32-x86_64\bin\java.dll
Event: 1.247 Loaded shared library c:\Users\VAISHNAVI\.vscode\extensions\redhat.java-1.54.0-win32-x64\jre\21.0.10-win32-x86_64\bin\zip.dll
Event: 1.302 Loaded shared library C:\Users\VAISHNAVI\.vscode\extensions\redhat.java-1.54.0-win32-x64\jre\21.0.10-win32-x86_64\bin\instrument.dll
Event: 1.433 Loaded shared library C:\Users\VAISHNAVI\.vscode\extensions\redhat.java-1.54.0-win32-x64\jre\21.0.10-win32-x86_64\bin\net.dll
Event: 1.537 Loaded shared library C:\Users\VAISHNAVI\.vscode\extensions\redhat.java-1.54.0-win32-x64\jre\21.0.10-win32-x86_64\bin\nio.dll
Event: 1.543 Loaded shared library C:\Users\VAISHNAVI\.vscode\extensions\redhat.java-1.54.0-win32-x64\jre\21.0.10-win32-x86_64\bin\zip.dll
Event: 1.583 Loaded shared library C:\Users\VAISHNAVI\.vscode\extensions\redhat.java-1.54.0-win32-x64\jre\21.0.10-win32-x86_64\bin\jimage.dll
Event: 1.855 Loaded shared library c:\Users\VAISHNAVI\.vscode\extensions\redhat.java-1.54.0-win32-x64\jre\21.0.10-win32-x86_64\bin\verify.dll

Deoptimization events (20 events):
Event: 14.835 Thread 0x000002931467b6f0 Uncommon trap: trap_request=0xffffff45 fr.pc=0x00000292c09e7a2c relative=0x000000000000084c
Event: 14.835 Thread 0x000002931467b6f0 Uncommon trap: reason=unstable_if action=reinterpret pc=0x00000292c09e7a2c method=java.util.concurrent.ConcurrentHashMap.putVal(Ljava/lang/Object;Ljava/lang/Object;Z)Ljava/lang/Object; @ 97 c2
Event: 14.835 Thread 0x000002931467b6f0 DEOPT PACKING pc=0x00000292c09e7a2c sp=0x000000c6574fde50
Event: 14.835 Thread 0x000002931467b6f0 DEOPT UNPACKING pc=0x00000292c0403aa2 sp=0x000000c6574fddc8 mode 2
Event: 14.835 Thread 0x000002931467b6f0 Uncommon trap: trap_request=0xffffff45 fr.pc=0x00000292c099dd78 relative=0x0000000000000198
Event: 14.835 Thread 0x0000029314651010 Uncommon trap: trap_request=0xffffff45 fr.pc=0x00000292c099dd78 relative=0x0000000000000198
Event: 14.835 Thread 0x000002931467b6f0 Uncommon trap: reason=unstable_if action=reinterpret pc=0x00000292c099dd78 method=java.lang.invoke.VarHandle.checkAccessModeThenIsDirect(Ljava/lang/invoke/VarHandle$AccessDescriptor;)Z @ 4 c2
Event: 14.835 Thread 0x0000029314651010 Uncommon trap: reason=unstable_if action=reinterpret pc=0x00000292c099dd78 method=java.lang.invoke.VarHandle.checkAccessModeThenIsDirect(Ljava/lang/invoke/VarHandle$AccessDescriptor;)Z @ 4 c2
Event: 14.835 Thread 0x0000029314651010 DEOPT PACKING pc=0x00000292c099dd78 sp=0x000000c656dfed70
Event: 14.835 Thread 0x000002931467b6f0 DEOPT PACKING pc=0x00000292c099dd78 sp=0x000000c6574fec70
Event: 14.835 Thread 0x0000029314651010 DEOPT UNPACKING pc=0x00000292c0403aa2 sp=0x000000c656dfecc8 mode 2
Event: 14.835 Thread 0x000002931467b6f0 DEOPT UNPACKING pc=0x00000292c0403aa2 sp=0x000000c6574febc8 mode 2
Event: 21.775 Thread 0x00000292b38057b0 Uncommon trap: trap_request=0xffffff45 fr.pc=0x00000292c09d1034 relative=0x0000000000000094
Event: 21.775 Thread 0x00000292b38057b0 Uncommon trap: reason=unstable_if action=reinterpret pc=0x00000292c09d1034 method=java.io.BufferedInputStream.getBufIfOpen(Z)[B @ 13 c2
Event: 21.775 Thread 0x00000292b38057b0 DEOPT PACKING pc=0x00000292c09d1034 sp=0x000000c655ffe570
Event: 21.778 Thread 0x00000292b38057b0 DEOPT UNPACKING pc=0x00000292c0403aa2 sp=0x000000c655ffe4f0 mode 2
Event: 21.804 Thread 0x00000292b38057b0 Uncommon trap: trap_request=0xffffff45 fr.pc=0x00000292c0985244 relative=0x00000000000002a4
Event: 21.804 Thread 0x00000292b38057b0 Uncommon trap: reason=unstable_if action=reinterpret pc=0x00000292c0985244 method=java.util.HashMap$HashIterator.<init>(Ljava/util/HashMap;)V @ 45 c2
Event: 21.805 Thread 0x00000292b38057b0 DEOPT PACKING pc=0x00000292c0985244 sp=0x000000c655ffe6a0
Event: 21.805 Thread 0x00000292b38057b0 DEOPT UNPACKING pc=0x00000292c0403aa2 sp=0x000000c655ffe638 mode 2

Classes loaded (20 events):
Event: 5.232 Loading class java/net/ContentHandler
Event: 5.232 Loading class java/net/ContentHandler done
Event: 5.253 Loading class java/net/UrlDeserializedState
Event: 5.253 Loading class java/net/UrlDeserializedState done
Event: 5.254 Loading class java/lang/reflect/InaccessibleObjectException
Event: 5.255 Loading class java/lang/reflect/InaccessibleObjectException done
Event: 5.267 Loading class java/lang/StackWalker$Option
Event: 5.268 Loading class java/lang/StackWalker$Option done
Event: 5.342 Loading class javax/xml/parsers/ParserConfigurationException
Event: 5.343 Loading class javax/xml/parsers/ParserConfigurationException done
Event: 5.353 Loading class java/security/KeyStoreException
Event: 5.353 Loading class java/security/KeyStoreException done
Event: 5.389 Loading class java/lang/Thread$Builder$OfPlatform
Event: 5.389 Loading class java/lang/Thread$Builder
Event: 5.389 Loading class java/lang/Thread$Builder done
Event: 5.389 Loading class java/lang/Thread$Builder$OfPlatform done
Event: 5.389 Loading class java/lang/Thread$Builder$OfVirtual
Event: 5.389 Loading class java/lang/Thread$Builder$OfVirtual done
Event: 21.843 Loading class java/util/MissingResourceException
Event: 21.846 Loading class java/util/MissingResourceException done

Classes unloaded (0 events):
No events

Classes redefined (0 events):
No events

Internal exceptions (20 events):
Event: 3.191 Thread 0x00000292b38057b0 Exception <a 'java/lang/NoSuchMethodError'{0x00000000d6ab6190}: 'java.lang.ClassLoader java.lang.ClassLoader.getPlatformClassLoader(java.lang.Class)'> (0x00000000d6ab6190) 
thrown [s\src\hotspot\share\interpreter\linkResolver.cpp, line 773]
Event: 3.350 Thread 0x00000292b38057b0 Exception <a 'java/lang/ClassNotFoundException'{0x00000000d55d20d0}: sun/net/www/protocol/c/Handler> (0x00000000d55d20d0) 
thrown [s\src\hotspot\share\classfile\systemDictionary.cpp, line 312]
Event: 3.351 Thread 0x00000292b38057b0 Exception <a 'java/lang/ClassNotFoundException'{0x00000000d55d3490}: sun/net/www/protocol/c/Handler> (0x00000000d55d3490) 
thrown [s\src\hotspot\share\classfile\systemDictionary.cpp, line 312]
Event: 3.351 Thread 0x00000292b38057b0 Exception <a 'java/lang/ClassNotFoundException'{0x00000000d55d46a0}: sun/net/www/protocol/c/Handler> (0x00000000d55d46a0) 
thrown [s\src\hotspot\share\classfile\systemDictionary.cpp, line 312]
Event: 3.374 Thread 0x00000292b38057b0 Exception <a 'java/io/FileNotFoundException'{0x00000000d5607778}> (0x00000000d5607778) 
thrown [s\src\hotspot\share\prims\jni.cpp, line 520]
Event: 3.529 Thread 0x00000292b38057b0 Implicit null exception at 0x00000292c09abf49 to 0x00000292c09ac8cc
Event: 3.529 Thread 0x00000292b38057b0 Implicit null exception at 0x00000292c09b053a to 0x00000292c09b07d4
Event: 3.533 Thread 0x00000292b38057b0 Exception <a 'java/lang/NoSuchMethodError'{0x00000000d57371a8}: 'void java.lang.invoke.DirectMethodHandle$Holder.invokeStatic(java.lang.Object, java.lang.Object, java.lang.Object, java.lang.Object)'> (0x00000000d57371a8) 
thrown [s\src\hotspot\share\interpreter\linkResolver.cpp, line 773]
Event: 3.544 Thread 0x00000292b38057b0 Implicit null exception at 0x00000292c09bb19a to 0x00000292c09bb3a4
Event: 3.544 Thread 0x00000292b38057b0 Implicit null exception at 0x00000292c09af2bd to 0x00000292c09af341
Event: 4.146 Thread 0x00000292b38057b0 Exception <a 'java/lang/NoSuchMethodError'{0x00000000d5b78b20}: 'int java.lang.invoke.DirectMethodHandle$Holder.invokeVirtual(java.lang.Object, java.lang.Object)'> (0x00000000d5b78b20) 
thrown [s\src\hotspot\share\interpreter\linkResolver.cpp, line 773]
Event: 4.854 Thread 0x00000292b38057b0 Exception <a 'java/lang/IncompatibleClassChangeError'{0x00000000d6546140}: Found class java.lang.Object, but interface was expected> (0x00000000d6546140) 
thrown [s\src\hotspot\share\interpreter\linkResolver.cpp, line 840]
Event: 4.861 Thread 0x00000292b38057b0 Exception <a 'java/lang/NoSuchMethodError'{0x00000000d654ec00}: 'void java.lang.invoke.DirectMethodHandle$Holder.invokeInterface(java.lang.Object, java.lang.Object, java.lang.Object)'> (0x00000000d654ec00) 
thrown [s\src\hotspot\share\interpreter\linkResolver.cpp, line 773]
Event: 4.916 Thread 0x00000292b38057b0 Exception <a 'java/lang/NoSuchMethodError'{0x00000000d67c18d8}: 'int java.lang.invoke.DirectMethodHandle$Holder.invokeStaticInit(java.lang.Object, java.lang.Object, java.lang.Object, java.lang.Object)'> (0x00000000d67c18d8) 
thrown [s\src\hotspot\share\interpreter\linkResolver.cpp, line 773]
Event: 4.920 Thread 0x00000292b38057b0 Exception <a 'java/lang/NoSuchMethodError'{0x00000000d67cbea8}: 'void java.lang.invoke.DirectMethodHandle$Holder.invokeStaticInit(java.lang.Object, java.lang.Object)'> (0x00000000d67cbea8) 
thrown [s\src\hotspot\share\interpreter\linkResolver.cpp, line 773]
Event: 4.922 Thread 0x00000292b38057b0 Exception <a 'java/lang/NoSuchMethodError'{0x00000000d67d14c8}: 'int java.lang.invoke.DirectMethodHandle$Holder.invokeStaticInit(java.lang.Object, java.lang.Object)'> (0x00000000d67d14c8) 
thrown [s\src\hotspot\share\interpreter\linkResolver.cpp, line 773]
Event: 5.084 Thread 0x00000292b38057b0 Exception <a 'java/lang/NoSuchMethodError'{0x00000000d69b94e0}: 'java.lang.Object java.lang.invoke.DirectMethodHandle$Holder.newInvokeSpecial(java.lang.Object, int, java.lang.Object)'> (0x00000000d69b94e0) 
thrown [s\src\hotspot\share\interpreter\linkResolver.cpp, line 773]
Event: 5.282 Thread 0x00000292b38057b0 Exception <a 'java/lang/ClassNotFoundException'{0x00000000d6b34b08}: sun/net/www/protocol/plurl/Handler> (0x00000000d6b34b08) 
thrown [s\src\hotspot\share\classfile\systemDictionary.cpp, line 312]
Event: 5.282 Thread 0x00000292b38057b0 Exception <a 'java/lang/ClassNotFoundException'{0x00000000d6b35988}: sun/net/www/protocol/plurl/Handler> (0x00000000d6b35988) 
thrown [s\src\hotspot\share\classfile\systemDictionary.cpp, line 312]
Event: 5.300 Thread 0x00000292b38057b0 Exception <a 'java/lang/NoSuchMethodError'{0x00000000d6b751d0}: 'void java.lang.invoke.DirectMethodHandle$Holder.invokeSpecial(java.lang.Object, java.lang.Object, java.lang.Object)'> (0x00000000d6b751d0) 
thrown [s\src\hotspot\share\interpreter\linkResolver.cpp, line 773]

ZGC Phase Switch (0 events):
No events

VM Operations (20 events):
Event: 3.283 Executing non-safepoint VM operation: HandshakeAllThreads (Deoptimize)
Event: 3.283 Executing non-safepoint VM operation: HandshakeAllThreads (Deoptimize) done
Event: 3.307 Executing safepoint VM operation: ParallelGCFailedAllocation (Allocation Failure)
Event: 3.323 Executing safepoint VM operation: ParallelGCFailedAllocation (Allocation Failure) done
Event: 4.327 Executing safepoint VM operation: Cleanup
Event: 4.327 Executing safepoint VM operation: Cleanup done
Event: 4.998 Executing non-safepoint VM operation: HandshakeAllThreads (Deoptimize)
Event: 4.998 Executing non-safepoint VM operation: HandshakeAllThreads (Deoptimize) done
Event: 5.258 Executing non-safepoint VM operation: HandshakeAllThreads (Deoptimize)
Event: 5.258 Executing non-safepoint VM operation: HandshakeAllThreads (Deoptimize) done
Event: 6.259 Executing safepoint VM operation: Cleanup
Event: 6.259 Executing safepoint VM operation: Cleanup done
Event: 15.348 Executing safepoint VM operation: Cleanup
Event: 15.348 Executing safepoint VM operation: Cleanup done
Event: 21.857 Executing safepoint VM operation: ParallelGCFailedAllocation (Allocation Failure)
Event: 21.882 Executing safepoint VM operation: ParallelGCFailedAllocation (Allocation Failure) done
Event: 22.896 Executing safepoint VM operation: Cleanup
Event: 22.896 Executing safepoint VM operation: Cleanup done
Event: 23.908 Executing safepoint VM operation: Cleanup
Event: 23.908 Executing safepoint VM operation: Cleanup done

Memory protections (0 events):
No events

Nmethod flushes (0 events):
No events

Events (20 events):
Event: 2.106 Thread 0x00000292b38057b0 Thread added: 0x000002930ecf5620
Event: 2.531 Thread 0x000002930e9f2a50 Thread added: 0x000002931403a860
Event: 2.944 Thread 0x000002931403a860 Thread exited: 0x000002931403a860
Event: 3.033 Thread 0x000002930e9f2a50 Thread added: 0x00000293140220c0
Event: 3.529 Thread 0x00000293140220c0 Thread exited: 0x00000293140220c0
Event: 4.829 Thread 0x00000292b38057b0 Thread added: 0x0000029314651010
Event: 4.831 Thread 0x0000029314651010 Thread added: 0x000002931467b6f0
Event: 4.839 Thread 0x00000292b38057b0 Thread added: 0x000002931467bd60
Event: 4.844 Thread 0x00000292b38057b0 Thread added: 0x000002931467ca80
Event: 4.846 Thread 0x00000292b38057b0 Thread added: 0x000002931472d800
Event: 4.850 Thread 0x00000292b38057b0 Thread added: 0x000002931472de70
Event: 4.950 Thread 0x00000292b38057b0 Thread added: 0x00000293146d1ec0
Event: 14.835 Thread 0x0000029314651010 Thread exited: 0x0000029314651010
Event: 14.835 Thread 0x000002931467b6f0 Thread exited: 0x000002931467b6f0
Event: 14.850 Thread 0x000002931467bd60 Thread exited: 0x000002931467bd60
Event: 14.850 Thread 0x000002931472d800 Thread exited: 0x000002931472d800
Event: 14.850 Thread 0x000002931467ca80 Thread exited: 0x000002931467ca80
Event: 14.867 Thread 0x000002931472de70 Thread exited: 0x000002931472de70
Event: 21.826 Thread 0x00000292b38057b0 Thread added: 0x0000029314801020
Event: 21.853 Thread 0x00000292b38057b0 Thread added: 0x00000293148016b0


Dynamic libraries:
0x00007ff7c6da0000 - 0x00007ff7c6dae000 	c:\Users\VAISHNAVI\.vscode\extensions\redhat.java-1.54.0-win32-x64\jre\21.0.10-win32-x86_64\bin\java.exe
0x00007ffb16a20000 - 0x00007ffb16c87000 	C:\WINDOWS\SYSTEM32\ntdll.dll
0x00007ffb15a10000 - 0x00007ffb15ad9000 	C:\WINDOWS\System32\KERNEL32.DLL
0x00007ffb13690000 - 0x00007ffb13a84000 	C:\WINDOWS\System32\KERNELBASE.dll
0x00007ffb10cb0000 - 0x00007ffb10d4f000 	C:\WINDOWS\SYSTEM32\apphelp.dll
0x00007ffb13b40000 - 0x00007ffb13c8b000 	C:\WINDOWS\System32\ucrtbase.dll
0x00007ffad5980000 - 0x00007ffad599e000 	c:\Users\VAISHNAVI\.vscode\extensions\redhat.java-1.54.0-win32-x64\jre\21.0.10-win32-x86_64\bin\VCRUNTIME140.dll
0x00007ffad5960000 - 0x00007ffad5978000 	c:\Users\VAISHNAVI\.vscode\extensions\redhat.java-1.54.0-win32-x64\jre\21.0.10-win32-x86_64\bin\jli.dll
0x00007ffb14810000 - 0x00007ffb149d5000 	C:\WINDOWS\System32\USER32.dll
0x00007ffb13660000 - 0x00007ffb13687000 	C:\WINDOWS\System32\win32u.dll
0x00007ffaff220000 - 0x00007ffaff4b3000 	C:\WINDOWS\WinSxS\amd64_microsoft.windows.common-controls_6595b64144ccf1df_6.0.26100.8115_none_3e075c82e3354f9c\COMCTL32.dll
0x00007ffb14e10000 - 0x00007ffb14eb9000 	C:\WINDOWS\System32\msvcrt.dll
0x00007ffb16550000 - 0x00007ffb1657b000 	C:\WINDOWS\System32\GDI32.dll
0x00007ffb13530000 - 0x00007ffb1365b000 	C:\WINDOWS\System32\gdi32full.dll
0x00007ffb13c90000 - 0x00007ffb13d33000 	C:\WINDOWS\System32\msvcp_win.dll
0x00007ffb167b0000 - 0x00007ffb167e2000 	C:\WINDOWS\System32\IMM32.DLL
0x00007ffafb710000 - 0x00007ffafb71c000 	c:\Users\VAISHNAVI\.vscode\extensions\redhat.java-1.54.0-win32-x64\jre\21.0.10-win32-x86_64\bin\vcruntime140_1.dll
0x00007ffab2a30000 - 0x00007ffab2abd000 	c:\Users\VAISHNAVI\.vscode\extensions\redhat.java-1.54.0-win32-x64\jre\21.0.10-win32-x86_64\bin\msvcp140.dll
0x00007ffa421e0000 - 0x00007ffa42f81000 	c:\Users\VAISHNAVI\.vscode\extensions\redhat.java-1.54.0-win32-x64\jre\21.0.10-win32-x86_64\bin\server\jvm.dll
0x00007ffb14b70000 - 0x00007ffb14c26000 	C:\WINDOWS\System32\ADVAPI32.dll
0x00007ffb156e0000 - 0x00007ffb15787000 	C:\WINDOWS\System32\sechost.dll
0x00007ffb16670000 - 0x00007ffb16788000 	C:\WINDOWS\System32\RPCRT4.dll
0x00007ffb149e0000 - 0x00007ffb14a60000 	C:\WINDOWS\System32\WS2_32.dll
0x00007ffb13150000 - 0x00007ffb131ae000 	C:\WINDOWS\SYSTEM32\POWRPROF.dll
0x00007ffb0d780000 - 0x00007ffb0d7b6000 	C:\WINDOWS\SYSTEM32\WINMM.dll
0x00007ffb0d7c0000 - 0x00007ffb0d7cb000 	C:\WINDOWS\SYSTEM32\VERSION.dll
0x00007ffb13130000 - 0x00007ffb13144000 	C:\WINDOWS\SYSTEM32\UMPDC.dll
0x00007ffb12080000 - 0x00007ffb1209b000 	C:\WINDOWS\SYSTEM32\kernel.appcore.dll
0x00007ffaf8110000 - 0x00007ffaf811a000 	c:\Users\VAISHNAVI\.vscode\extensions\redhat.java-1.54.0-win32-x64\jre\21.0.10-win32-x86_64\bin\jimage.dll
0x00007ffb078a0000 - 0x00007ffb07ae2000 	C:\WINDOWS\SYSTEM32\DBGHELP.DLL
0x00007ffb14ec0000 - 0x00007ffb15242000 	C:\WINDOWS\System32\combase.dll
0x00007ffb15930000 - 0x00007ffb15a08000 	C:\WINDOWS\System32\OLEAUT32.dll
0x00007ffaf8670000 - 0x00007ffaf86ab000 	C:\WINDOWS\SYSTEM32\dbgcore.DLL
0x00007ffb13a90000 - 0x00007ffb13b35000 	C:\WINDOWS\System32\bcryptPrimitives.dll
0x00007ffad5950000 - 0x00007ffad595f000 	c:\Users\VAISHNAVI\.vscode\extensions\redhat.java-1.54.0-win32-x64\jre\21.0.10-win32-x86_64\bin\instrument.dll
0x00007ffacf2d0000 - 0x00007ffacf2f0000 	c:\Users\VAISHNAVI\.vscode\extensions\redhat.java-1.54.0-win32-x64\jre\21.0.10-win32-x86_64\bin\java.dll
0x00007ffb15dd0000 - 0x00007ffb16537000 	C:\WINDOWS\System32\SHELL32.dll
0x00007ffb14640000 - 0x00007ffb147aa000 	C:\WINDOWS\System32\wintypes.dll
0x00007ffb13d40000 - 0x00007ffb145a8000 	C:\WINDOWS\System32\windows.storage.dll
0x00007ffb14a70000 - 0x00007ffb14b68000 	C:\WINDOWS\System32\SHCORE.dll
0x00007ffb14da0000 - 0x00007ffb14e06000 	C:\WINDOWS\System32\shlwapi.dll
0x00007ffb13210000 - 0x00007ffb13239000 	C:\WINDOWS\SYSTEM32\profapi.dll
0x00007ffacd5f0000 - 0x00007ffacd608000 	c:\Users\VAISHNAVI\.vscode\extensions\redhat.java-1.54.0-win32-x64\jre\21.0.10-win32-x86_64\bin\zip.dll
0x00007ffacf270000 - 0x00007ffacf280000 	C:\Users\VAISHNAVI\.vscode\extensions\redhat.java-1.54.0-win32-x64\jre\21.0.10-win32-x86_64\bin\net.dll
0x00007ffb0a340000 - 0x00007ffb0a46d000 	C:\WINDOWS\SYSTEM32\WINHTTP.dll
0x00007ffb125f0000 - 0x00007ffb1265c000 	C:\WINDOWS\system32\mswsock.dll
0x00007ffacf250000 - 0x00007ffacf266000 	C:\Users\VAISHNAVI\.vscode\extensions\redhat.java-1.54.0-win32-x64\jre\21.0.10-win32-x86_64\bin\nio.dll
0x00007ffacf240000 - 0x00007ffacf250000 	c:\Users\VAISHNAVI\.vscode\extensions\redhat.java-1.54.0-win32-x64\jre\21.0.10-win32-x86_64\bin\verify.dll

JVMTI agents:
c:\Users\VAISHNAVI\.vscode\extensions\redhat.java-1.54.0-win32-x64\lombok\lombok-1.18.39-4050.jar path:c:\Users\VAISHNAVI\.vscode\extensions\redhat.java-1.54.0-win32-x64\jre\21.0.10-win32-x86_64\bin\instrument.dll, loaded, initialized, instrumentlib options:none

dbghelp: loaded successfully - version: 4.0.5 - missing functions: none
symbol engine: initialized successfully - sym options: 0x614 - pdb path: .;c:\Users\VAISHNAVI\.vscode\extensions\redhat.java-1.54.0-win32-x64\jre\21.0.10-win32-x86_64\bin;C:\WINDOWS\SYSTEM32;C:\WINDOWS\WinSxS\amd64_microsoft.windows.common-controls_6595b64144ccf1df_6.0.26100.8115_none_3e075c82e3354f9c;c:\Users\VAISHNAVI\.vscode\extensions\redhat.java-1.54.0-win32-x64\jre\21.0.10-win32-x86_64\bin\server

VM Arguments:
jvm_args: --add-modules=ALL-SYSTEM --add-opens=java.base/java.util=ALL-UNNAMED --add-opens=java.base/java.lang=ALL-UNNAMED --add-opens=java.base/sun.nio.fs=ALL-UNNAMED -Declipse.application=org.eclipse.jdt.ls.core.id1 -Dosgi.bundles.defaultStartLevel=4 -Declipse.product=org.eclipse.jdt.ls.core.product -Djava.import.generatesMetadataFilesAtProjectRoot=false -DDetectVMInstallationsJob.disabled=true -Dfile.encoding=utf8 -XX:+UseParallelGC -XX:GCTimeRatio=4 -XX:AdaptiveSizePolicyWeight=90 -Dsun.zip.disableMemoryMapping=true -Xmx2G -Xms100m -Xlog:disable -javaagent:c:\Users\VAISHNAVI\.vscode\extensions\redhat.java-1.54.0-win32-x64\lombok\lombok-1.18.39-4050.jar -XX:+HeapDumpOnOutOfMemoryError -XX:HeapDumpPath=c:\Users\VAISHNAVI\AppData\Roaming\Code\User\workspaceStorage\a6377ebf1ce38944ae294ffc57bcb8fb\redhat.java -Daether.dependencyCollector.impl=bf 
java_command: c:\Users\VAISHNAVI\.vscode\extensions\redhat.java-1.54.0-win32-x64\server\plugins\org.eclipse.equinox.launcher_1.7.100.v20251111-0406.jar -configuration c:\Users\VAISHNAVI\AppData\Roaming\Code\User\globalStorage\redhat.java\1.54.0\config_win -data c:\Users\VAISHNAVI\AppData\Roaming\Code\User\workspaceStorage\a6377ebf1ce38944ae294ffc57bcb8fb\redhat.java\jdt_ws --pipe=\\.\pipe\lsp-3c3cd16df6b141096db3ee014c325269-sock
java_class_path (initial): c:\Users\VAISHNAVI\.vscode\extensions\redhat.java-1.54.0-win32-x64\server\plugins\org.eclipse.equinox.launcher_1.7.100.v20251111-0406.jar
Launcher Type: SUN_STANDARD

[Global flags]
    uintx AdaptiveSizePolicyWeight                 = 90                                        {product} {command line}
     intx CICompilerCount                          = 4                                         {product} {ergonomic}
    uintx GCTimeRatio                              = 4                                         {product} {command line}
     bool HeapDumpOnOutOfMemoryError               = true                                   {manageable} {command line}
    ccstr HeapDumpPath                             = c:\Users\VAISHNAVI\AppData\Roaming\Code\User\workspaceStorage\a6377ebf1ce38944ae294ffc57bcb8fb\redhat.java         {manageable} {command line}
   size_t InitialHeapSize                          = 104857600                                 {product} {command line}
   size_t MaxHeapSize                              = 2147483648                                {product} {command line}
   size_t MaxNewSize                               = 715653120                                 {product} {ergonomic}
   size_t MinHeapDeltaBytes                        = 524288                                    {product} {ergonomic}
   size_t MinHeapSize                              = 104857600                                 {product} {command line}
   size_t NewSize                                  = 34603008                                  {product} {ergonomic}
    uintx NonNMethodCodeHeapSize                   = 5839372                                {pd product} {ergonomic}
    uintx NonProfiledCodeHeapSize                  = 122909434                              {pd product} {ergonomic}
   size_t OldSize                                  = 70254592                                  {product} {ergonomic}
    uintx ProfiledCodeHeapSize                     = 122909434                              {pd product} {ergonomic}
    uintx ReservedCodeCacheSize                    = 251658240                              {pd product} {ergonomic}
     bool SegmentedCodeCache                       = true                                      {product} {ergonomic}
   size_t SoftMaxHeapSize                          = 2147483648                             {manageable} {ergonomic}
     bool UseCompressedOops                        = true                           {product lp64_product} {ergonomic}
     bool UseLargePagesIndividualAllocation        = false                                  {pd product} {ergonomic}
     bool UseParallelGC                            = true                                      {product} {command line}

Logging:
Log output configuration:
 #0: stdout all=off uptime,level,tags foldmultilines=false
 #1: stderr all=off uptime,level,tags foldmultilines=false

Release file:
JAVA_VERSION="21.0.10" 
MODULES="java.base java.compiler java.datatransfer java.xml java.prefs java.desktop java.instrument java.logging java.management java.security.sasl java.naming java.rmi java.management.rmi java.net.http java.scripting java.security.jgss java.transaction.xa java.sql java.sql.rowset java.xml.crypto java.se java.smartcardio jdk.accessibility jdk.internal.jvmstat jdk.attach jdk.charsets jdk.internal.opt jdk.zipfs jdk.compiler jdk.crypto.ec jdk.crypto.cryptoki jdk.crypto.mscapi jdk.dynalink jdk.internal.ed jdk.editpad jdk.hotspot.agent jdk.httpserver jdk.internal.le jdk.internal.vm.ci jdk.internal.vm.compiler jdk.internal.vm.compiler.management jdk.jartool jdk.javadoc jdk.jcmd jdk.management jdk.management.agent jdk.jconsole jdk.jdeps jdk.jdwp.agent jdk.jdi jdk.jfr jdk.jshell jdk.jsobject jdk.jstatd jdk.localedata jdk.management.jfr jdk.naming.dns jdk.naming.rmi jdk.net jdk.nio.mapmode jdk.random jdk.sctp jdk.security.auth jdk.security.jgss jdk.unsupported jdk.unsupported.desktop jdk.xml.dom" 

Environment Variables:
PATH=C:\Users\VAISHNAVI\AppData\Local\cloud-code\installer\google-cloud-sdk\bin;C:\Users\VAISHNAVI\AppData\Local\Programs\Microsoft VS Code;C:\Program Files\Eclipse Adoptium\jdk-25.0.1.8-hotspot\bin;"C:\Windows\System32;";C:\WINDOWS\system32;C:\Program Files\Common Files\Oracle\Java\javapath;C:\app\VAISHNAVI\product\21c\dbhomeXE\bin;C:\WINDOWS;C:\WINDOWS\System32\Wbem;C:\WINDOWS\System32\WindowsPowerShell\v1.0\;C:\WINDOWS\System32\OpenSSH\;C:\MinGW\bin;C:\Program Files\Git\cmd;C:\Program Files\Git\mingw64\bin;C:\Program Files\Git\usr\bin;C:\Program Files\Microsoft SQL Server\150\Tools\Binn\;C:\Program Files\nodejs\;C:\Users\VAISHNAVI\Downloads\apache-maven-3.9.10\bin;C:\minikube;C:\Program Files\Docker\Docker\resources\bin;C:\Program Files\MongoDB\Server\8.2\bin;C:\Program Files\MongoDB\mongodb-database-tools-windows-x86_64-100.14.0\bin;C:\Program Files\PostgreSQL\18\bin;C:\Users\VAISHNAVI\.local\bin;C:\Users\VAISHNAVI\AppData\Local\Programs\Python\Python311\Scripts\;C:\Users\VAISHNAVI\AppData\Local\Programs\Python\Python311\;C:\Users\VAISHNAVI\AppData\Local\Microsoft\WindowsApps;C:\MinGW\bin;C:\MinGW\bin\gcc.exe;C:\Users\VAISHNAVI\AppData\Local\Programs\Microsoft VS Code\bin;C:\Program Files\JetBrains\PyCharm 2024.3.2\bin;;C:\Program Files\JetBrains\PyCharm Community Edition 2024.3.2\bin;;C:\Users\VAISHNAVI\AppData\Roaming\npm;C:\Users\VAISHNAVI\AppData\Local\Programs\cursor\resources\app\bin;C:\Users\VAISHNAVI\AppData\Local\Python\bin;C:\Program Files\JetBrains\IntelliJ IDEA 2025.3.1\bin;C:\Users\VAISHNAVI\AppData\Local\Programs\mongosh\
USERNAME=VAISHNAVI
OS=Windows_NT
PROCESSOR_IDENTIFIER=AMD64 Family 23 Model 104 Stepping 1, AuthenticAMD
TMP=C:\Users\VAISHN~1\AppData\Local\Temp
TEMP=C:\Users\VAISHN~1\AppData\Local\Temp




Periodic native trim disabled

---------------  S Y S T E M  ---------------

OS:
 Windows 11 , 64 bit Build 26100 (10.0.26100.8246)
OS uptime: 4 days 19:40 hours
Hyper-V role detected

CPU: total 12 (initial active 12) (12 cores per cpu, 2 threads per core) family 23 model 104 stepping 1 microcode 0x8608107, cx8, cmov, fxsr, ht, mmx, 3dnowpref, sse, sse2, sse3, ssse3, sse4a, sse4.1, sse4.2, popcnt, lzcnt, tsc, tscinvbit, avx, avx2, aes, clmul, bmi1, bmi2, adx, sha, fma, vzeroupper, clflush, clflushopt, hv, rdtscp, rdpid, f16c
Processor Information for the first 12 processors :
  Max Mhz: 2100, Current Mhz: 2100, Mhz Limit: 2100

Memory: 4k page, system-wide physical 7501M (310M free)
TotalPageFile size 30029M (AvailPageFile size 69M)
current process WorkingSet (physical memory assigned to process): 54M, peak: 91M
current process commit charge ("private bytes"): 247M, peak: 247M

vm_info: OpenJDK 64-Bit Server VM (21.0.10+7-LTS) for windows-amd64 JRE (21.0.10+7-LTS), built on 2026-01-20T00:00:00Z by "admin" with MS VC++ 17.12 (VS2022)

END.
