#
# There is insufficient memory for the Java Runtime Environment to continue.
# Native memory allocation (malloc) failed to allocate 241936 bytes. Error detail: Chunk::new
# Possible reasons:
#   The system is out of physical RAM or swap space
#   This process is running with CompressedOops enabled, and the Java Heap may be blocking the growth of the native heap
# Possible solutions:
#   Reduce memory load on the system
#   Increase physical memory or swap space
#   Check if swap backing store is full
#   Decrease Java heap size (-Xmx/-Xms)
#   Decrease number of Java threads
#   Decrease Java thread stack sizes (-Xss)
#   Set larger code cache with -XX:ReservedCodeCacheSize=
#   JVM is running with Unscaled Compressed Oops mode in which the Java heap is
#     placed in the first 4GB address space. The Java Heap base address is the
#     maximum limit for the native heap growth. Please use -XX:HeapBaseMinAddress
#     to set the Java Heap base and to place the Java Heap above 4GB virtual address.
# This output file may be truncated or incomplete.
#
#  Out of Memory Error (arena.cpp:168), pid=9472, tid=18968
#
# JRE version: OpenJDK Runtime Environment Temurin-21.0.10+7 (21.0.10+7) (build 21.0.10+7-LTS)
# Java VM: OpenJDK 64-Bit Server VM Temurin-21.0.10+7 (21.0.10+7-LTS, mixed mode, sharing, tiered, compressed oops, compressed class ptrs, parallel gc, windows-amd64)
# No core dump will be written. Minidumps are not enabled by default on client versions of Windows
#

---------------  S U M M A R Y ------------

Command Line: --add-modules=ALL-SYSTEM --add-opens=java.base/java.util=ALL-UNNAMED --add-opens=java.base/java.lang=ALL-UNNAMED --add-opens=java.base/sun.nio.fs=ALL-UNNAMED -Declipse.application=org.eclipse.jdt.ls.core.id1 -Dosgi.bundles.defaultStartLevel=4 -Declipse.product=org.eclipse.jdt.ls.core.product -Djava.import.generatesMetadataFilesAtProjectRoot=false -DDetectVMInstallationsJob.disabled=true -Dfile.encoding=utf8 -XX:+UseParallelGC -XX:GCTimeRatio=4 -XX:AdaptiveSizePolicyWeight=90 -Dsun.zip.disableMemoryMapping=true -Xmx2G -Xms100m -Xlog:disable -javaagent:c:\Users\VAISHNAVI\.vscode\extensions\redhat.java-1.54.0-win32-x64\lombok\lombok-1.18.39-4050.jar c:\Users\VAISHNAVI\.vscode\extensions\redhat.java-1.54.0-win32-x64\server\plugins\org.eclipse.equinox.launcher_1.7.100.v20251111-0406.jar -configuration c:\Users\VAISHNAVI\AppData\Roaming\Code\User\globalStorage\redhat.java\1.54.0\config_ss_win -data c:\Users\VAISHNAVI\AppData\Roaming\Code\User\workspaceStorage\a6377ebf1ce38944ae294ffc57bcb8fb\redhat.java\ss_ws --pipe=\\.\pipe\lsp-33f576f3281a4f99da9e2e354ca4b571-sock

Host: AMD Ryzen 5 5500U with Radeon Graphics         , 12 cores, 7G,  Windows 11 , 64 bit Build 26100 (10.0.26100.8246)
Time: Thu Apr 23 17:03:26 2026 India Standard Time elapsed time: 25.350099 seconds (0d 0h 0m 25s)

---------------  T H R E A D  ---------------

Current thread (0x000001aad16bc340):  JavaThread "C2 CompilerThread0" daemon [_thread_in_native, id=18968, stack(0x0000000176700000,0x0000000176800000) (1024K)]


Current CompileTask:
C2:25350 1876       4       org.eclipse.osgi.util.ManifestElement::readLine (122 bytes)

Stack: [0x0000000176700000,0x0000000176800000]
Native frames: (J=compiled Java code, j=interpreted, Vv=VM code, C=native code)
V  [jvm.dll+0x6d7a39]
V  [jvm.dll+0x8b4b26]
V  [jvm.dll+0x8b70de]
V  [jvm.dll+0x8b77c3]
V  [jvm.dll+0x284346]
V  [jvm.dll+0xc66ed]
V  [jvm.dll+0xc6c31]
V  [jvm.dll+0x2fb29e]
V  [jvm.dll+0x5fe884]
V  [jvm.dll+0x255b17]
V  [jvm.dll+0x24dc0b]
V  [jvm.dll+0x24ba42]
V  [jvm.dll+0x1cb34e]
V  [jvm.dll+0x25b85d]
V  [jvm.dll+0x259dea]
V  [jvm.dll+0x3f857e]
V  [jvm.dll+0x85f59d]
V  [jvm.dll+0x6d626d]
C  [ucrtbase.dll+0x37b0]
C  [KERNEL32.DLL+0x2e8d7]
C  [ntdll.dll+0x8c3fc]


---------------  P R O C E S S  ---------------

Threads class SMR info:
_java_thread_list=0x000001ab1983bec0, length=14, elements={
0x000001aabac242e0, 0x000001aad16a93c0, 0x000001aad16ad240, 0x000001aad16b4f30,
0x000001aad16b69a0, 0x000001aad16b7400, 0x000001aad16b7e60, 0x000001aad16bc340,
0x000001ab13ac9480, 0x000001ab13ca78d0, 0x000001ab13dfba20, 0x000001ab197f1850,
0x000001ab13d94d20, 0x000001ab13d932e0
}

Java Threads: ( => current thread )
  0x000001aabac242e0 JavaThread "main"                              [_thread_in_Java, id=2088, stack(0x0000000175d00000,0x0000000175e00000) (1024K)]
  0x000001aad16a93c0 JavaThread "Reference Handler"          daemon [_thread_blocked, id=7292, stack(0x0000000176100000,0x0000000176200000) (1024K)]
  0x000001aad16ad240 JavaThread "Finalizer"                  daemon [_thread_blocked, id=37752, stack(0x0000000176200000,0x0000000176300000) (1024K)]
  0x000001aad16b4f30 JavaThread "Signal Dispatcher"          daemon [_thread_blocked, id=22104, stack(0x0000000176300000,0x0000000176400000) (1024K)]
  0x000001aad16b69a0 JavaThread "Attach Listener"            daemon [_thread_blocked, id=4340, stack(0x0000000176400000,0x0000000176500000) (1024K)]
  0x000001aad16b7400 JavaThread "Service Thread"             daemon [_thread_blocked, id=36528, stack(0x0000000176500000,0x0000000176600000) (1024K)]
  0x000001aad16b7e60 JavaThread "Monitor Deflation Thread"   daemon [_thread_blocked, id=34620, stack(0x0000000176600000,0x0000000176700000) (1024K)]
=>0x000001aad16bc340 JavaThread "C2 CompilerThread0"         daemon [_thread_in_native, id=18968, stack(0x0000000176700000,0x0000000176800000) (1024K)]
  0x000001ab13ac9480 JavaThread "C1 CompilerThread0"         daemon [_thread_blocked, id=35312, stack(0x0000000176800000,0x0000000176900000) (1024K)]
  0x000001ab13ca78d0 JavaThread "Common-Cleaner"             daemon [_thread_blocked, id=15796, stack(0x0000000176900000,0x0000000176a00000) (1024K)]
  0x000001ab13dfba20 JavaThread "Notification Thread"        daemon [_thread_blocked, id=29212, stack(0x0000000176a00000,0x0000000176b00000) (1024K)]
  0x000001ab197f1850 JavaThread "Active Thread: Equinox Container: 3828c1d9-c560-4dbe-8490-bdbd2c464896"        [_thread_blocked, id=37096, stack(0x0000000177700000,0x0000000177800000) (1024K)]
  0x000001ab13d94d20 JavaThread "Framework Event Dispatcher: Equinox Container: 3828c1d9-c560-4dbe-8490-bdbd2c464896" daemon [_thread_blocked, id=36920, stack(0x0000000176b00000,0x0000000176c00000) (1024K)]
  0x000001ab13d932e0 JavaThread "Start Level: Equinox Container: 3828c1d9-c560-4dbe-8490-bdbd2c464896" daemon [_thread_blocked, id=396, stack(0x0000000177200000,0x0000000177300000) (1024K)]
Total: 14

Other Threads:
  0x000001aab885e5d0 VMThread "VM Thread"                           [id=33652, stack(0x0000000176000000,0x0000000176100000) (1024K)]
  0x000001aad159ca00 WatcherThread "VM Periodic Task Thread"        [id=33612, stack(0x0000000175f00000,0x0000000176000000) (1024K)]
  0x000001aabac3ba40 WorkerThread "GC Thread#0"                     [id=16412, stack(0x0000000175e00000,0x0000000175f00000) (1024K)]
  0x000001ab195eb8a0 WorkerThread "GC Thread#1"                     [id=37652, stack(0x0000000176c00000,0x0000000176d00000) (1024K)]
  0x000001ab195eac20 WorkerThread "GC Thread#2"                     [id=31632, stack(0x0000000176d00000,0x0000000176e00000) (1024K)]
  0x000001ab195eafd0 WorkerThread "GC Thread#3"                     [id=37768, stack(0x0000000176e00000,0x0000000176f00000) (1024K)]
  0x000001ab195ebc50 WorkerThread "GC Thread#4"                     [id=18684, stack(0x0000000176f00000,0x0000000177000000) (1024K)]
  0x000001ab195ec000 WorkerThread "GC Thread#5"                     [id=7812, stack(0x0000000177000000,0x0000000177100000) (1024K)]
  0x000001ab196ae510 WorkerThread "GC Thread#6"                     [id=9484, stack(0x0000000177100000,0x0000000177200000) (1024K)]
  0x000001ab13b065f0 WorkerThread "GC Thread#7"                     [id=528, stack(0x0000000177300000,0x0000000177400000) (1024K)]
Total: 10

Threads with active compile tasks:
C2 CompilerThread0  25388 1876       4       org.eclipse.osgi.util.ManifestElement::readLine (122 bytes)
Total: 1

VM state: not at safepoint (normal execution)

VM Mutex/Monitor currently owned by a thread: None

Heap address: 0x0000000080000000, size: 2048 MB, Compressed Oops mode: 32-bit

CDS archive(s) mapped at: [0x000001aad2000000-0x000001aad2ba0000-0x000001aad2ba0000), size 12189696, SharedBaseAddress: 0x000001aad2000000, ArchiveRelocationMode: 1.
Compressed class space mapped at: 0x000001aad3000000-0x000001ab13000000, reserved size: 1073741824
Narrow klass base: 0x000001aad2000000, Narrow klass shift: 0, Narrow klass range: 0x100000000

GC Precious Log:
 CardTable entry size: 512
 CPUs: 12 total, 12 available
 Memory: 7501M
 Large Page Support: Disabled
 NUMA Support: Disabled
 Compressed Oops: Enabled (32-bit)
 Alignments: Space 512K, Generation 512K, Heap 2M
 Heap Min Capacity: 100M
 Heap Initial Capacity: 100M
 Heap Max Capacity: 2G
 Pre-touch: Disabled
 Parallel Workers: 10

Heap:
 PSYoungGen      total 29696K, used 13193K [0x00000000d5580000, 0x00000000d7680000, 0x0000000100000000)
  eden space 25600K, 35% used [0x00000000d5580000,0x00000000d5e68688,0x00000000d6e80000)
  from space 4096K, 99% used [0x00000000d7280000,0x00000000d7679e98,0x00000000d7680000)
  to   space 4096K, 0% used [0x00000000d6e80000,0x00000000d6e80000,0x00000000d7280000)
 ParOldGen       total 68608K, used 88K [0x0000000080000000, 0x0000000084300000, 0x00000000d5580000)
  object space 68608K, 0% used [0x0000000080000000,0x0000000080016000,0x0000000084300000)
 Metaspace       used 8474K, committed 8768K, reserved 1114112K
  class space    used 890K, committed 1024K, reserved 1048576K

Card table byte_map: [0x000001aaba5b0000,0x000001aaba9c0000] _byte_map_base: 0x000001aaba1b0000

Marking Bits: (ParMarkBitMap*) 0x00007ffa42ea3450
 Begin Bits: [0x000001aacd0c0000, 0x000001aacf0c0000)
 End Bits:   [0x000001aacf0c0000, 0x000001aad10c0000)

Polling page: 0x000001aab8be0000

Metaspace:

Usage:
  Non-class:      7.41 MB used.
      Class:    890.05 KB used.
       Both:      8.28 MB used.

Virtual space:
  Non-class space:       64.00 MB reserved,       7.56 MB ( 12%) committed,  1 nodes.
      Class space:        1.00 GB reserved,       1.00 MB ( <1%) committed,  1 nodes.
             Both:        1.06 GB reserved,       8.56 MB ( <1%) committed. 

Chunk freelists:
   Non-Class:  8.03 MB
       Class:  14.88 MB
        Both:  22.91 MB

MaxMetaspaceSize: unlimited
CompressedClassSpaceSize: 1.00 GB
Initial GC threshold: 21.00 MB
Current GC threshold: 21.00 MB
CDS: on
 - commit_granule_bytes: 65536.
 - commit_granule_words: 8192.
 - virtual_space_node_default_size: 8388608.
 - enlarge_chunks_in_place: 1.
 - use_allocation_guard: 0.


Internal statistics:

num_allocs_failed_limit: 0.
num_arena_births: 224.
num_arena_deaths: 0.
num_vsnodes_births: 2.
num_vsnodes_deaths: 0.
num_space_committed: 137.
num_space_uncommitted: 0.
num_chunks_returned_to_freelist: 0.
num_chunks_taken_from_freelist: 424.
num_chunk_merges: 0.
num_chunk_splits: 274.
num_chunks_enlarged: 188.
num_inconsistent_stats: 0.

CodeHeap 'non-profiled nmethods': size=120000Kb used=775Kb max_used=775Kb free=119224Kb
 bounds [0x000001aac58e0000, 0x000001aac5b50000, 0x000001aacce10000]
CodeHeap 'profiled nmethods': size=120000Kb used=3523Kb max_used=3523Kb free=116476Kb
 bounds [0x000001aabde10000, 0x000001aabe190000, 0x000001aac5340000]
CodeHeap 'non-nmethods': size=5760Kb used=1210Kb max_used=1237Kb free=4549Kb
 bounds [0x000001aac5340000, 0x000001aac55b0000, 0x000001aac58e0000]
CodeCache: size=245760Kb, used=5508Kb, max_used=5535Kb, free=240249Kb
 total_blobs=2358, nmethods=1881, adapters=384, full_count=0
Compilation: enabled, stopped_count=0, restarted_count=0

Compilation events (20 events):
Event: 23.299 Thread 0x000001aad16bc340 nmethod 1870 0x000001aac59a0310 code [0x000001aac59a0500, 0x000001aac59a0950]
Event: 23.299 Thread 0x000001aad16bc340 1832       4       java.util.AbstractList::<init> (10 bytes)
Event: 23.300 Thread 0x000001aad16bc340 nmethod 1832 0x000001aac59a0e10 code [0x000001aac59a0fa0, 0x000001aac59a1030]
Event: 23.300 Thread 0x000001aad16bc340 1820       4       java.lang.StringBuilder::length (5 bytes)
Event: 23.300 Thread 0x000001aad16bc340 nmethod 1820 0x000001aac59a1110 code [0x000001aac59a12a0, 0x000001aac59a1328]
Event: 23.300 Thread 0x000001aad16bc340 1822       4       java.util.HashMap$EntryIterator::next (5 bytes)
Event: 23.300 Thread 0x000001ab13ac9480 1874       3       java.nio.ByteBuffer::limit (8 bytes)
Event: 23.301 Thread 0x000001ab13ac9480 nmethod 1874 0x000001aabe17ba90 code [0x000001aabe17bc40, 0x000001aabe17bd90]
Event: 23.301 Thread 0x000001ab13ac9480 1875       3       java.nio.charset.CoderResult::isOverflow (14 bytes)
Event: 23.301 Thread 0x000001ab13ac9480 nmethod 1875 0x000001aabe17be10 code [0x000001aabe17bfa0, 0x000001aabe17c100]
Event: 23.306 Thread 0x000001aad16bc340 nmethod 1822 0x000001aac59a1410 code [0x000001aac59a15a0, 0x000001aac59a1810]
Event: 23.306 Thread 0x000001aad16bc340 1824       4       java.util.HashMap::<init> (98 bytes)
Event: 23.307 Thread 0x000001aad16bc340 nmethod 1824 0x000001aac59a1990 code [0x000001aac59a1b20, 0x000001aac59a1ca8]
Event: 23.307 Thread 0x000001aad16bc340 1876       4       org.eclipse.osgi.util.ManifestElement::readLine (122 bytes)
Event: 23.314 Thread 0x000001ab13ac9480 1877       3       sun.nio.fs.NativeBuffers::getNativeBufferFromCache (51 bytes)
Event: 23.315 Thread 0x000001ab13ac9480 nmethod 1877 0x000001aabe17c190 code [0x000001aabe17c380, 0x000001aabe17ca88]
Event: 23.315 Thread 0x000001ab13ac9480 1878       3       sun.nio.fs.NativeBuffer::close (5 bytes)
Event: 23.315 Thread 0x000001ab13ac9480 nmethod 1878 0x000001aabe17cc90 code [0x000001aabe17ce40, 0x000001aabe17cfe8]
Event: 23.315 Thread 0x000001ab13ac9480 1879       3       sun.nio.fs.NativeBuffer::release (5 bytes)
Event: 23.315 Thread 0x000001ab13ac9480 nmethod 1879 0x000001aabe17d090 code [0x000001aabe17d240, 0x000001aabe17d378]

GC Heap History (4 events):
Event: 3.307 GC heap before
{Heap before GC invocations=1 (full 0):
 PSYoungGen      total 29696K, used 25600K [0x00000000d5580000, 0x00000000d7680000, 0x0000000100000000)
  eden space 25600K, 100% used [0x00000000d5580000,0x00000000d6e80000,0x00000000d6e80000)
  from space 4096K, 0% used [0x00000000d7280000,0x00000000d7280000,0x00000000d7680000)
  to   space 4096K, 0% used [0x00000000d6e80000,0x00000000d6e80000,0x00000000d7280000)
 ParOldGen       total 68608K, used 0K [0x0000000080000000, 0x0000000084300000, 0x00000000d5580000)
  object space 68608K, 0% used [0x0000000080000000,0x0000000080000000,0x0000000084300000)
 Metaspace       used 4500K, committed 4672K, reserved 1114112K
  class space    used 492K, committed 576K, reserved 1048576K
}
Event: 3.323 GC heap after
{Heap after GC invocations=1 (full 0):
 PSYoungGen      total 29696K, used 3280K [0x00000000d5580000, 0x00000000d7680000, 0x0000000100000000)
  eden space 25600K, 0% used [0x00000000d5580000,0x00000000d5580000,0x00000000d6e80000)
  from space 4096K, 80% used [0x00000000d6e80000,0x00000000d71b4148,0x00000000d7280000)
  to   space 4096K, 0% used [0x00000000d7280000,0x00000000d7280000,0x00000000d7680000)
 ParOldGen       total 68608K, used 16K [0x0000000080000000, 0x0000000084300000, 0x00000000d5580000)
  object space 68608K, 0% used [0x0000000080000000,0x0000000080004000,0x0000000084300000)
 Metaspace       used 4500K, committed 4672K, reserved 1114112K
  class space    used 492K, committed 576K, reserved 1048576K
}
Event: 21.827 GC heap before
{Heap before GC invocations=2 (full 0):
 PSYoungGen      total 29696K, used 28880K [0x00000000d5580000, 0x00000000d7680000, 0x0000000100000000)
  eden space 25600K, 100% used [0x00000000d5580000,0x00000000d6e80000,0x00000000d6e80000)
  from space 4096K, 80% used [0x00000000d6e80000,0x00000000d71b4148,0x00000000d7280000)
  to   space 4096K, 0% used [0x00000000d7280000,0x00000000d7280000,0x00000000d7680000)
 ParOldGen       total 68608K, used 16K [0x0000000080000000, 0x0000000084300000, 0x00000000d5580000)
  object space 68608K, 0% used [0x0000000080000000,0x0000000080004000,0x0000000084300000)
 Metaspace       used 8374K, committed 8640K, reserved 1114112K
  class space    used 889K, committed 1024K, reserved 1048576K
}
Event: 21.855 GC heap after
{Heap after GC invocations=2 (full 0):
 PSYoungGen      total 29696K, used 4071K [0x00000000d5580000, 0x00000000d7680000, 0x0000000100000000)
  eden space 25600K, 0% used [0x00000000d5580000,0x00000000d5580000,0x00000000d6e80000)
  from space 4096K, 99% used [0x00000000d7280000,0x00000000d7679e98,0x00000000d7680000)
  to   space 4096K, 0% used [0x00000000d6e80000,0x00000000d6e80000,0x00000000d7280000)
 ParOldGen       total 68608K, used 88K [0x0000000080000000, 0x0000000084300000, 0x00000000d5580000)
  object space 68608K, 0% used [0x0000000080000000,0x0000000080016000,0x0000000084300000)
 Metaspace       used 8374K, committed 8640K, reserved 1114112K
  class space    used 889K, committed 1024K, reserved 1048576K
}

Dll operation events (8 events):
Event: 0.784 Loaded shared library c:\Users\VAISHNAVI\.vscode\extensions\redhat.java-1.54.0-win32-x64\jre\21.0.10-win32-x86_64\bin\java.dll
Event: 1.247 Loaded shared library c:\Users\VAISHNAVI\.vscode\extensions\redhat.java-1.54.0-win32-x64\jre\21.0.10-win32-x86_64\bin\zip.dll
Event: 1.302 Loaded shared library C:\Users\VAISHNAVI\.vscode\extensions\redhat.java-1.54.0-win32-x64\jre\21.0.10-win32-x86_64\bin\instrument.dll
Event: 1.433 Loaded shared library C:\Users\VAISHNAVI\.vscode\extensions\redhat.java-1.54.0-win32-x64\jre\21.0.10-win32-x86_64\bin\net.dll
Event: 1.537 Loaded shared library C:\Users\VAISHNAVI\.vscode\extensions\redhat.java-1.54.0-win32-x64\jre\21.0.10-win32-x86_64\bin\nio.dll
Event: 1.543 Loaded shared library C:\Users\VAISHNAVI\.vscode\extensions\redhat.java-1.54.0-win32-x64\jre\21.0.10-win32-x86_64\bin\zip.dll
Event: 1.583 Loaded shared library C:\Users\VAISHNAVI\.vscode\extensions\redhat.java-1.54.0-win32-x64\jre\21.0.10-win32-x86_64\bin\jimage.dll
Event: 1.855 Loaded shared library c:\Users\VAISHNAVI\.vscode\extensions\redhat.java-1.54.0-win32-x64\jre\21.0.10-win32-x86_64\bin\verify.dll

Deoptimization events (20 events):
Event: 14.663 Thread 0x000001ab1977ea00 DEOPT PACKING pc=0x000001aac5923ef8 sp=0x00000001772fee00
Event: 14.663 Thread 0x000001ab1977ea00 DEOPT UNPACKING pc=0x000001aac5393aa2 sp=0x00000001772fed58 mode 2
Event: 21.783 Thread 0x000001aabac242e0 Uncommon trap: trap_request=0xffffff45 fr.pc=0x000001aac59161c4 relative=0x00000000000002a4
Event: 21.783 Thread 0x000001aabac242e0 Uncommon trap: reason=unstable_if action=reinterpret pc=0x000001aac59161c4 method=java.util.HashMap$HashIterator.<init>(Ljava/util/HashMap;)V @ 45 c2
Event: 21.783 Thread 0x000001aabac242e0 DEOPT PACKING pc=0x000001aac59161c4 sp=0x0000000175dfec60
Event: 21.783 Thread 0x000001aabac242e0 DEOPT UNPACKING pc=0x000001aac5393aa2 sp=0x0000000175dfebf8 mode 2
Event: 21.821 Thread 0x000001aabac242e0 Uncommon trap: trap_request=0xffffff45 fr.pc=0x000001aac5984c64 relative=0x00000000000003c4
Event: 21.821 Thread 0x000001aabac242e0 Uncommon trap: reason=unstable_if action=reinterpret pc=0x000001aac5984c64 method=java.io.BufferedInputStream.implRead()I @ 8 c2
Event: 21.821 Thread 0x000001aabac242e0 DEOPT PACKING pc=0x000001aac5984c64 sp=0x0000000175dfec20
Event: 21.821 Thread 0x000001aabac242e0 DEOPT UNPACKING pc=0x000001aac5393aa2 sp=0x0000000175dfeb50 mode 2
Event: 21.822 Thread 0x000001aabac242e0 Uncommon trap: trap_request=0xffffff45 fr.pc=0x000001aac5985c4c relative=0x000000000000020c
Event: 21.822 Thread 0x000001aabac242e0 Uncommon trap: reason=unstable_if action=reinterpret pc=0x000001aac5985c4c method=java.io.BufferedInputStream.implRead()I @ 8 c2
Event: 21.822 Thread 0x000001aabac242e0 DEOPT PACKING pc=0x000001aac5985c4c sp=0x0000000175dfebc0
Event: 21.822 Thread 0x000001aabac242e0 DEOPT UNPACKING pc=0x000001aac5393aa2 sp=0x0000000175dfeb58 mode 2
Event: 23.103 Thread 0x000001aabac242e0 Uncommon trap: trap_request=0xffffff45 fr.pc=0x000001aac5993dd4 relative=0x00000000000008f4
Event: 23.103 Thread 0x000001aabac242e0 Uncommon trap: reason=unstable_if action=reinterpret pc=0x000001aac5993dd4 method=java.util.HashMap.putVal(ILjava/lang/Object;Ljava/lang/Object;ZZ)Ljava/lang/Object; @ 81 c2
Event: 23.103 Thread 0x000001aabac242e0 DEOPT PACKING pc=0x000001aac5993dd4 sp=0x0000000175dfeb90
Event: 23.103 Thread 0x000001aabac242e0 DEOPT UNPACKING pc=0x000001aac5393aa2 sp=0x0000000175dfeaa0 mode 2
Event: 23.307 Thread 0x000001aabac242e0 DEOPT PACKING pc=0x000001aabe13cc75 sp=0x0000000175dfeba0
Event: 23.307 Thread 0x000001aabac242e0 DEOPT UNPACKING pc=0x000001aac5394242 sp=0x0000000175dfe080 mode 0

Classes loaded (20 events):
Event: 4.885 Loading class java/net/ContentHandler
Event: 4.885 Loading class java/net/ContentHandler done
Event: 4.887 Loading class java/net/UrlDeserializedState
Event: 4.888 Loading class java/net/UrlDeserializedState done
Event: 4.889 Loading class java/lang/reflect/InaccessibleObjectException
Event: 4.889 Loading class java/lang/reflect/InaccessibleObjectException done
Event: 4.894 Loading class java/lang/StackWalker$Option
Event: 4.895 Loading class java/lang/StackWalker$Option done
Event: 4.947 Loading class javax/xml/parsers/ParserConfigurationException
Event: 4.948 Loading class javax/xml/parsers/ParserConfigurationException done
Event: 4.958 Loading class java/security/KeyStoreException
Event: 4.959 Loading class java/security/KeyStoreException done
Event: 4.979 Loading class java/lang/Thread$Builder$OfPlatform
Event: 4.980 Loading class java/lang/Thread$Builder
Event: 4.980 Loading class java/lang/Thread$Builder done
Event: 4.981 Loading class java/lang/Thread$Builder$OfPlatform done
Event: 4.981 Loading class java/lang/Thread$Builder$OfVirtual
Event: 4.981 Loading class java/lang/Thread$Builder$OfVirtual done
Event: 21.806 Loading class java/util/MissingResourceException
Event: 21.811 Loading class java/util/MissingResourceException done

Classes unloaded (0 events):
No events

Classes redefined (0 events):
No events

Internal exceptions (20 events):
Event: 3.191 Thread 0x000001aabac242e0 Exception <a 'java/lang/NoSuchMethodError'{0x00000000d6ab38d8}: 'java.lang.ClassLoader java.lang.ClassLoader.getPlatformClassLoader(java.lang.Class)'> (0x00000000d6ab38d8) 
thrown [s\src\hotspot\share\interpreter\linkResolver.cpp, line 773]
Event: 3.351 Thread 0x000001aabac242e0 Exception <a 'java/lang/ClassNotFoundException'{0x00000000d55d0680}: sun/net/www/protocol/c/Handler> (0x00000000d55d0680) 
thrown [s\src\hotspot\share\classfile\systemDictionary.cpp, line 312]
Event: 3.353 Thread 0x000001aabac242e0 Exception <a 'java/lang/ClassNotFoundException'{0x00000000d55d1a40}: sun/net/www/protocol/c/Handler> (0x00000000d55d1a40) 
thrown [s\src\hotspot\share\classfile\systemDictionary.cpp, line 312]
Event: 3.355 Thread 0x000001aabac242e0 Exception <a 'java/lang/ClassNotFoundException'{0x00000000d55d2c50}: sun/net/www/protocol/c/Handler> (0x00000000d55d2c50) 
thrown [s\src\hotspot\share\classfile\systemDictionary.cpp, line 312]
Event: 3.375 Thread 0x000001aabac242e0 Exception <a 'java/io/FileNotFoundException'{0x00000000d55fb508}> (0x00000000d55fb508) 
thrown [s\src\hotspot\share\prims\jni.cpp, line 520]
Event: 3.563 Thread 0x000001aabac242e0 Implicit null exception at 0x000001aac5937ba9 to 0x000001aac593841c
Event: 3.564 Thread 0x000001aabac242e0 Implicit null exception at 0x000001aac594669a to 0x000001aac59468a0
Event: 3.569 Thread 0x000001aabac242e0 Exception <a 'java/lang/NoSuchMethodError'{0x00000000d572bef8}: 'void java.lang.invoke.DirectMethodHandle$Holder.invokeStatic(java.lang.Object, java.lang.Object, java.lang.Object, java.lang.Object)'> (0x00000000d572bef8) 
thrown [s\src\hotspot\share\interpreter\linkResolver.cpp, line 773]
Event: 3.572 Thread 0x000001aabac242e0 Implicit null exception at 0x000001aac594411a to 0x000001aac5944324
Event: 3.573 Thread 0x000001aabac242e0 Implicit null exception at 0x000001aac593b7bd to 0x000001aac593b841
Event: 3.992 Thread 0x000001aabac242e0 Exception <a 'java/lang/NoSuchMethodError'{0x00000000d5b6ba58}: 'int java.lang.invoke.DirectMethodHandle$Holder.invokeVirtual(java.lang.Object, java.lang.Object)'> (0x00000000d5b6ba58) 
thrown [s\src\hotspot\share\interpreter\linkResolver.cpp, line 773]
Event: 4.682 Thread 0x000001aabac242e0 Exception <a 'java/lang/IncompatibleClassChangeError'{0x00000000d65db6e0}: Found class java.lang.Object, but interface was expected> (0x00000000d65db6e0) 
thrown [s\src\hotspot\share\interpreter\linkResolver.cpp, line 840]
Event: 4.685 Thread 0x000001aabac242e0 Exception <a 'java/lang/NoSuchMethodError'{0x00000000d65e4340}: 'void java.lang.invoke.DirectMethodHandle$Holder.invokeInterface(java.lang.Object, java.lang.Object, java.lang.Object)'> (0x00000000d65e4340) 
thrown [s\src\hotspot\share\interpreter\linkResolver.cpp, line 773]
Event: 4.746 Thread 0x000001aabac242e0 Exception <a 'java/lang/NoSuchMethodError'{0x00000000d6805098}: 'int java.lang.invoke.DirectMethodHandle$Holder.invokeStaticInit(java.lang.Object, java.lang.Object, java.lang.Object, java.lang.Object)'> (0x00000000d6805098) 
thrown [s\src\hotspot\share\interpreter\linkResolver.cpp, line 773]
Event: 4.749 Thread 0x000001aabac242e0 Exception <a 'java/lang/NoSuchMethodError'{0x00000000d680f668}: 'void java.lang.invoke.DirectMethodHandle$Holder.invokeStaticInit(java.lang.Object, java.lang.Object)'> (0x00000000d680f668) 
thrown [s\src\hotspot\share\interpreter\linkResolver.cpp, line 773]
Event: 4.751 Thread 0x000001aabac242e0 Exception <a 'java/lang/NoSuchMethodError'{0x00000000d6814d88}: 'int java.lang.invoke.DirectMethodHandle$Holder.invokeStaticInit(java.lang.Object, java.lang.Object)'> (0x00000000d6814d88) 
thrown [s\src\hotspot\share\interpreter\linkResolver.cpp, line 773]
Event: 4.833 Thread 0x000001aabac242e0 Exception <a 'java/lang/NoSuchMethodError'{0x00000000d6a01e90}: 'java.lang.Object java.lang.invoke.DirectMethodHandle$Holder.newInvokeSpecial(java.lang.Object, int, java.lang.Object)'> (0x00000000d6a01e90) 
thrown [s\src\hotspot\share\interpreter\linkResolver.cpp, line 773]
Event: 4.901 Thread 0x000001aabac242e0 Exception <a 'java/lang/ClassNotFoundException'{0x00000000d6b7fb18}: sun/net/www/protocol/plurl/Handler> (0x00000000d6b7fb18) 
thrown [s\src\hotspot\share\classfile\systemDictionary.cpp, line 312]
Event: 4.901 Thread 0x000001aabac242e0 Exception <a 'java/lang/ClassNotFoundException'{0x00000000d6b80998}: sun/net/www/protocol/plurl/Handler> (0x00000000d6b80998) 
thrown [s\src\hotspot\share\classfile\systemDictionary.cpp, line 312]
Event: 4.913 Thread 0x000001aabac242e0 Exception <a 'java/lang/NoSuchMethodError'{0x00000000d6bc01e0}: 'void java.lang.invoke.DirectMethodHandle$Holder.invokeSpecial(java.lang.Object, java.lang.Object, java.lang.Object)'> (0x00000000d6bc01e0) 
thrown [s\src\hotspot\share\interpreter\linkResolver.cpp, line 773]

ZGC Phase Switch (0 events):
No events

VM Operations (20 events):
Event: 3.281 Executing non-safepoint VM operation: HandshakeAllThreads (Deoptimize)
Event: 3.281 Executing non-safepoint VM operation: HandshakeAllThreads (Deoptimize) done
Event: 3.306 Executing safepoint VM operation: ParallelGCFailedAllocation (Allocation Failure)
Event: 3.323 Executing safepoint VM operation: ParallelGCFailedAllocation (Allocation Failure) done
Event: 4.327 Executing safepoint VM operation: Cleanup
Event: 4.327 Executing safepoint VM operation: Cleanup done
Event: 4.792 Executing non-safepoint VM operation: HandshakeAllThreads (Deoptimize)
Event: 4.792 Executing non-safepoint VM operation: HandshakeAllThreads (Deoptimize) done
Event: 4.891 Executing non-safepoint VM operation: HandshakeAllThreads (Deoptimize)
Event: 4.891 Executing non-safepoint VM operation: HandshakeAllThreads (Deoptimize) done
Event: 5.902 Executing safepoint VM operation: Cleanup
Event: 5.903 Executing safepoint VM operation: Cleanup done
Event: 15.004 Executing safepoint VM operation: Cleanup
Event: 15.004 Executing safepoint VM operation: Cleanup done
Event: 21.827 Executing safepoint VM operation: ParallelGCFailedAllocation (Allocation Failure)
Event: 21.855 Executing safepoint VM operation: ParallelGCFailedAllocation (Allocation Failure) done
Event: 22.864 Executing safepoint VM operation: Cleanup
Event: 22.959 Executing safepoint VM operation: Cleanup done
Event: 23.970 Executing safepoint VM operation: Cleanup
Event: 23.970 Executing safepoint VM operation: Cleanup done

Memory protections (0 events):
No events

Nmethod flushes (0 events):
No events

Events (20 events):
Event: 2.108 Thread 0x000001aabac242e0 Thread added: 0x000001ab13dfba20
Event: 2.582 Thread 0x000001ab13ac9480 Thread added: 0x000001ab13e9df40
Event: 3.005 Thread 0x000001ab13e9df40 Thread exited: 0x000001ab13e9df40
Event: 3.265 Thread 0x000001ab13ac9480 Thread added: 0x000001ab192d8e40
Event: 3.526 Thread 0x000001ab192d8e40 Thread exited: 0x000001ab192d8e40
Event: 4.648 Thread 0x000001aabac242e0 Thread added: 0x000001ab1961a920
Event: 4.651 Thread 0x000001ab1961a920 Thread added: 0x000001ab1977ea00
Event: 4.662 Thread 0x000001aabac242e0 Thread added: 0x000001ab198d7b50
Event: 4.667 Thread 0x000001aabac242e0 Thread added: 0x000001ab198d81c0
Event: 4.669 Thread 0x000001aabac242e0 Thread added: 0x000001ab198d8830
Event: 4.676 Thread 0x000001aabac242e0 Thread added: 0x000001ab19583ba0
Event: 4.765 Thread 0x000001aabac242e0 Thread added: 0x000001ab197f1850
Event: 14.666 Thread 0x000001ab1961a920 Thread exited: 0x000001ab1961a920
Event: 14.666 Thread 0x000001ab1977ea00 Thread exited: 0x000001ab1977ea00
Event: 14.677 Thread 0x000001ab198d81c0 Thread exited: 0x000001ab198d81c0
Event: 14.677 Thread 0x000001ab198d7b50 Thread exited: 0x000001ab198d7b50
Event: 14.678 Thread 0x000001ab198d8830 Thread exited: 0x000001ab198d8830
Event: 14.693 Thread 0x000001ab19583ba0 Thread exited: 0x000001ab19583ba0
Event: 21.800 Thread 0x000001aabac242e0 Thread added: 0x000001ab13d94d20
Event: 21.816 Thread 0x000001aabac242e0 Thread added: 0x000001ab13d932e0


Dynamic libraries:
0x00007ff7c6da0000 - 0x00007ff7c6dae000 	c:\Users\VAISHNAVI\.vscode\extensions\redhat.java-1.54.0-win32-x64\jre\21.0.10-win32-x86_64\bin\java.exe
0x00007ffb16a20000 - 0x00007ffb16c87000 	C:\WINDOWS\SYSTEM32\ntdll.dll
0x00007ffb15a10000 - 0x00007ffb15ad9000 	C:\WINDOWS\System32\KERNEL32.DLL
0x00007ffb13690000 - 0x00007ffb13a84000 	C:\WINDOWS\System32\KERNELBASE.dll
0x00007ffb10cb0000 - 0x00007ffb10d4f000 	C:\WINDOWS\SYSTEM32\apphelp.dll
0x00007ffb13b40000 - 0x00007ffb13c8b000 	C:\WINDOWS\System32\ucrtbase.dll
0x00007ffad5980000 - 0x00007ffad599e000 	c:\Users\VAISHNAVI\.vscode\extensions\redhat.java-1.54.0-win32-x64\jre\21.0.10-win32-x86_64\bin\VCRUNTIME140.dll
0x00007ffad5960000 - 0x00007ffad5978000 	c:\Users\VAISHNAVI\.vscode\extensions\redhat.java-1.54.0-win32-x64\jre\21.0.10-win32-x86_64\bin\jli.dll
0x00007ffb14810000 - 0x00007ffb149d5000 	C:\WINDOWS\System32\USER32.dll
0x00007ffb13660000 - 0x00007ffb13687000 	C:\WINDOWS\System32\win32u.dll
0x00007ffb16550000 - 0x00007ffb1657b000 	C:\WINDOWS\System32\GDI32.dll
0x00007ffb13530000 - 0x00007ffb1365b000 	C:\WINDOWS\System32\gdi32full.dll
0x00007ffb13c90000 - 0x00007ffb13d33000 	C:\WINDOWS\System32\msvcp_win.dll
0x00007ffaff220000 - 0x00007ffaff4b3000 	C:\WINDOWS\WinSxS\amd64_microsoft.windows.common-controls_6595b64144ccf1df_6.0.26100.8115_none_3e075c82e3354f9c\COMCTL32.dll
0x00007ffb14e10000 - 0x00007ffb14eb9000 	C:\WINDOWS\System32\msvcrt.dll
0x00007ffb167b0000 - 0x00007ffb167e2000 	C:\WINDOWS\System32\IMM32.DLL
0x00007ffafb710000 - 0x00007ffafb71c000 	c:\Users\VAISHNAVI\.vscode\extensions\redhat.java-1.54.0-win32-x64\jre\21.0.10-win32-x86_64\bin\vcruntime140_1.dll
0x00007ffab2a30000 - 0x00007ffab2abd000 	c:\Users\VAISHNAVI\.vscode\extensions\redhat.java-1.54.0-win32-x64\jre\21.0.10-win32-x86_64\bin\msvcp140.dll
0x00007ffa421e0000 - 0x00007ffa42f81000 	c:\Users\VAISHNAVI\.vscode\extensions\redhat.java-1.54.0-win32-x64\jre\21.0.10-win32-x86_64\bin\server\jvm.dll
0x00007ffb14b70000 - 0x00007ffb14c26000 	C:\WINDOWS\System32\ADVAPI32.dll
0x00007ffb156e0000 - 0x00007ffb15787000 	C:\WINDOWS\System32\sechost.dll
0x00007ffb16670000 - 0x00007ffb16788000 	C:\WINDOWS\System32\RPCRT4.dll
0x00007ffb149e0000 - 0x00007ffb14a60000 	C:\WINDOWS\System32\WS2_32.dll
0x00007ffb13150000 - 0x00007ffb131ae000 	C:\WINDOWS\SYSTEM32\POWRPROF.dll
0x00007ffb0d780000 - 0x00007ffb0d7b6000 	C:\WINDOWS\SYSTEM32\WINMM.dll
0x00007ffb0d7c0000 - 0x00007ffb0d7cb000 	C:\WINDOWS\SYSTEM32\VERSION.dll
0x00007ffb13130000 - 0x00007ffb13144000 	C:\WINDOWS\SYSTEM32\UMPDC.dll
0x00007ffb12080000 - 0x00007ffb1209b000 	C:\WINDOWS\SYSTEM32\kernel.appcore.dll
0x00007ffaf8110000 - 0x00007ffaf811a000 	c:\Users\VAISHNAVI\.vscode\extensions\redhat.java-1.54.0-win32-x64\jre\21.0.10-win32-x86_64\bin\jimage.dll
0x00007ffb078a0000 - 0x00007ffb07ae2000 	C:\WINDOWS\SYSTEM32\DBGHELP.DLL
0x00007ffb14ec0000 - 0x00007ffb15242000 	C:\WINDOWS\System32\combase.dll
0x00007ffb15930000 - 0x00007ffb15a08000 	C:\WINDOWS\System32\OLEAUT32.dll
0x00007ffaf8670000 - 0x00007ffaf86ab000 	C:\WINDOWS\SYSTEM32\dbgcore.DLL
0x00007ffb13a90000 - 0x00007ffb13b35000 	C:\WINDOWS\System32\bcryptPrimitives.dll
0x00007ffad5950000 - 0x00007ffad595f000 	c:\Users\VAISHNAVI\.vscode\extensions\redhat.java-1.54.0-win32-x64\jre\21.0.10-win32-x86_64\bin\instrument.dll
0x00007ffacf2d0000 - 0x00007ffacf2f0000 	c:\Users\VAISHNAVI\.vscode\extensions\redhat.java-1.54.0-win32-x64\jre\21.0.10-win32-x86_64\bin\java.dll
0x00007ffb15dd0000 - 0x00007ffb16537000 	C:\WINDOWS\System32\SHELL32.dll
0x00007ffb14640000 - 0x00007ffb147aa000 	C:\WINDOWS\System32\wintypes.dll
0x00007ffb13d40000 - 0x00007ffb145a8000 	C:\WINDOWS\System32\windows.storage.dll
0x00007ffb14a70000 - 0x00007ffb14b68000 	C:\WINDOWS\System32\SHCORE.dll
0x00007ffb14da0000 - 0x00007ffb14e06000 	C:\WINDOWS\System32\shlwapi.dll
0x00007ffb13210000 - 0x00007ffb13239000 	C:\WINDOWS\SYSTEM32\profapi.dll
0x00007ffacd5f0000 - 0x00007ffacd608000 	c:\Users\VAISHNAVI\.vscode\extensions\redhat.java-1.54.0-win32-x64\jre\21.0.10-win32-x86_64\bin\zip.dll
0x00007ffacf270000 - 0x00007ffacf280000 	C:\Users\VAISHNAVI\.vscode\extensions\redhat.java-1.54.0-win32-x64\jre\21.0.10-win32-x86_64\bin\net.dll
0x00007ffb0a340000 - 0x00007ffb0a46d000 	C:\WINDOWS\SYSTEM32\WINHTTP.dll
0x00007ffb125f0000 - 0x00007ffb1265c000 	C:\WINDOWS\system32\mswsock.dll
0x00007ffacf250000 - 0x00007ffacf266000 	C:\Users\VAISHNAVI\.vscode\extensions\redhat.java-1.54.0-win32-x64\jre\21.0.10-win32-x86_64\bin\nio.dll
0x00007ffacf240000 - 0x00007ffacf250000 	c:\Users\VAISHNAVI\.vscode\extensions\redhat.java-1.54.0-win32-x64\jre\21.0.10-win32-x86_64\bin\verify.dll

JVMTI agents:
c:\Users\VAISHNAVI\.vscode\extensions\redhat.java-1.54.0-win32-x64\lombok\lombok-1.18.39-4050.jar path:c:\Users\VAISHNAVI\.vscode\extensions\redhat.java-1.54.0-win32-x64\jre\21.0.10-win32-x86_64\bin\instrument.dll, loaded, initialized, instrumentlib options:none

dbghelp: loaded successfully - version: 4.0.5 - missing functions: none
symbol engine: initialized successfully - sym options: 0x614 - pdb path: .;c:\Users\VAISHNAVI\.vscode\extensions\redhat.java-1.54.0-win32-x64\jre\21.0.10-win32-x86_64\bin;C:\WINDOWS\SYSTEM32;C:\WINDOWS\WinSxS\amd64_microsoft.windows.common-controls_6595b64144ccf1df_6.0.26100.8115_none_3e075c82e3354f9c;c:\Users\VAISHNAVI\.vscode\extensions\redhat.java-1.54.0-win32-x64\jre\21.0.10-win32-x86_64\bin\server

VM Arguments:
jvm_args: --add-modules=ALL-SYSTEM --add-opens=java.base/java.util=ALL-UNNAMED --add-opens=java.base/java.lang=ALL-UNNAMED --add-opens=java.base/sun.nio.fs=ALL-UNNAMED -Declipse.application=org.eclipse.jdt.ls.core.id1 -Dosgi.bundles.defaultStartLevel=4 -Declipse.product=org.eclipse.jdt.ls.core.product -Djava.import.generatesMetadataFilesAtProjectRoot=false -DDetectVMInstallationsJob.disabled=true -Dfile.encoding=utf8 -XX:+UseParallelGC -XX:GCTimeRatio=4 -XX:AdaptiveSizePolicyWeight=90 -Dsun.zip.disableMemoryMapping=true -Xmx2G -Xms100m -Xlog:disable -javaagent:c:\Users\VAISHNAVI\.vscode\extensions\redhat.java-1.54.0-win32-x64\lombok\lombok-1.18.39-4050.jar 
java_command: c:\Users\VAISHNAVI\.vscode\extensions\redhat.java-1.54.0-win32-x64\server\plugins\org.eclipse.equinox.launcher_1.7.100.v20251111-0406.jar -configuration c:\Users\VAISHNAVI\AppData\Roaming\Code\User\globalStorage\redhat.java\1.54.0\config_ss_win -data c:\Users\VAISHNAVI\AppData\Roaming\Code\User\workspaceStorage\a6377ebf1ce38944ae294ffc57bcb8fb\redhat.java\ss_ws --pipe=\\.\pipe\lsp-33f576f3281a4f99da9e2e354ca4b571-sock
java_class_path (initial): c:\Users\VAISHNAVI\.vscode\extensions\redhat.java-1.54.0-win32-x64\server\plugins\org.eclipse.equinox.launcher_1.7.100.v20251111-0406.jar
Launcher Type: SUN_STANDARD

[Global flags]
    uintx AdaptiveSizePolicyWeight                 = 90                                        {product} {command line}
     intx CICompilerCount                          = 4                                         {product} {ergonomic}
    uintx GCTimeRatio                              = 4                                         {product} {command line}
   size_t InitialHeapSize                          = 104857600                                 {product} {command line}
   size_t MaxHeapSize                              = 2147483648                                {product} {command line}
   size_t MaxNewSize                               = 715653120                                 {product} {ergonomic}
   size_t MinHeapDeltaBytes                        = 524288                                    {product} {ergonomic}
   size_t MinHeapSize                              = 104857600                                 {product} {command line}
   size_t NewSize                                  = 34603008                                  {product} {ergonomic}
    uintx NonNMethodCodeHeapSize                   = 5839372                                {pd product} {ergonomic}
    uintx NonProfiledCodeHeapSize                  = 122909434                              {pd product} {ergonomic}
   size_t OldSize                                  = 70254592                                  {product} {ergonomic}
    uintx ProfiledCodeHeapSize                     = 122909434                              {pd product} {ergonomic}
    uintx ReservedCodeCacheSize                    = 251658240                              {pd product} {ergonomic}
     bool SegmentedCodeCache                       = true                                      {product} {ergonomic}
   size_t SoftMaxHeapSize                          = 2147483648                             {manageable} {ergonomic}
     bool UseCompressedOops                        = true                           {product lp64_product} {ergonomic}
     bool UseLargePagesIndividualAllocation        = false                                  {pd product} {ergonomic}
     bool UseParallelGC                            = true                                      {product} {command line}

Logging:
Log output configuration:
 #0: stdout all=off uptime,level,tags foldmultilines=false
 #1: stderr all=off uptime,level,tags foldmultilines=false

Release file:
JAVA_VERSION="21.0.10" 
MODULES="java.base java.compiler java.datatransfer java.xml java.prefs java.desktop java.instrument java.logging java.management java.security.sasl java.naming java.rmi java.management.rmi java.net.http java.scripting java.security.jgss java.transaction.xa java.sql java.sql.rowset java.xml.crypto java.se java.smartcardio jdk.accessibility jdk.internal.jvmstat jdk.attach jdk.charsets jdk.internal.opt jdk.zipfs jdk.compiler jdk.crypto.ec jdk.crypto.cryptoki jdk.crypto.mscapi jdk.dynalink jdk.internal.ed jdk.editpad jdk.hotspot.agent jdk.httpserver jdk.internal.le jdk.internal.vm.ci jdk.internal.vm.compiler jdk.internal.vm.compiler.management jdk.jartool jdk.javadoc jdk.jcmd jdk.management jdk.management.agent jdk.jconsole jdk.jdeps jdk.jdwp.agent jdk.jdi jdk.jfr jdk.jshell jdk.jsobject jdk.jstatd jdk.localedata jdk.management.jfr jdk.naming.dns jdk.naming.rmi jdk.net jdk.nio.mapmode jdk.random jdk.sctp jdk.security.auth jdk.security.jgss jdk.unsupported jdk.unsupported.desktop jdk.xml.dom" 

Environment Variables:
PATH=C:\Users\VAISHNAVI\AppData\Local\cloud-code\installer\google-cloud-sdk\bin;C:\Users\VAISHNAVI\AppData\Local\Programs\Microsoft VS Code;C:\Program Files\Eclipse Adoptium\jdk-25.0.1.8-hotspot\bin;"C:\Windows\System32;";C:\WINDOWS\system32;C:\Program Files\Common Files\Oracle\Java\javapath;C:\app\VAISHNAVI\product\21c\dbhomeXE\bin;C:\WINDOWS;C:\WINDOWS\System32\Wbem;C:\WINDOWS\System32\WindowsPowerShell\v1.0\;C:\WINDOWS\System32\OpenSSH\;C:\MinGW\bin;C:\Program Files\Git\cmd;C:\Program Files\Git\mingw64\bin;C:\Program Files\Git\usr\bin;C:\Program Files\Microsoft SQL Server\150\Tools\Binn\;C:\Program Files\nodejs\;C:\Users\VAISHNAVI\Downloads\apache-maven-3.9.10\bin;C:\minikube;C:\Program Files\Docker\Docker\resources\bin;C:\Program Files\MongoDB\Server\8.2\bin;C:\Program Files\MongoDB\mongodb-database-tools-windows-x86_64-100.14.0\bin;C:\Program Files\PostgreSQL\18\bin;C:\Users\VAISHNAVI\.local\bin;C:\Users\VAISHNAVI\AppData\Local\Programs\Python\Python311\Scripts\;C:\Users\VAISHNAVI\AppData\Local\Programs\Python\Python311\;C:\Users\VAISHNAVI\AppData\Local\Microsoft\WindowsApps;C:\MinGW\bin;C:\MinGW\bin\gcc.exe;C:\Users\VAISHNAVI\AppData\Local\Programs\Microsoft VS Code\bin;C:\Program Files\JetBrains\PyCharm 2024.3.2\bin;;C:\Program Files\JetBrains\PyCharm Community Edition 2024.3.2\bin;;C:\Users\VAISHNAVI\AppData\Roaming\npm;C:\Users\VAISHNAVI\AppData\Local\Programs\cursor\resources\app\bin;C:\Users\VAISHNAVI\AppData\Local\Python\bin;C:\Program Files\JetBrains\IntelliJ IDEA 2025.3.1\bin;C:\Users\VAISHNAVI\AppData\Local\Programs\mongosh\
USERNAME=VAISHNAVI
OS=Windows_NT
PROCESSOR_IDENTIFIER=AMD64 Family 23 Model 104 Stepping 1, AuthenticAMD
TMP=C:\Users\VAISHN~1\AppData\Local\Temp
TEMP=C:\Users\VAISHN~1\AppData\Local\Temp




Periodic native trim disabled

---------------  S Y S T E M  ---------------

OS:
 Windows 11 , 64 bit Build 26100 (10.0.26100.8246)
OS uptime: 4 days 19:40 hours
Hyper-V role detected

CPU: total 12 (initial active 12) (12 cores per cpu, 2 threads per core) family 23 model 104 stepping 1 microcode 0x8608107, cx8, cmov, fxsr, ht, mmx, 3dnowpref, sse, sse2, sse3, ssse3, sse4a, sse4.1, sse4.2, popcnt, lzcnt, tsc, tscinvbit, avx, avx2, aes, clmul, bmi1, bmi2, adx, sha, fma, vzeroupper, clflush, clflushopt, hv, rdtscp, rdpid, f16c
Processor Information for the first 12 processors :
  Max Mhz: 2100, Current Mhz: 2100, Mhz Limit: 2100

Memory: 4k page, system-wide physical 7501M (279M free)
TotalPageFile size 30029M (AvailPageFile size 47M)
current process WorkingSet (physical memory assigned to process): 57M, peak: 91M
current process commit charge ("private bytes"): 248M, peak: 250M

vm_info: OpenJDK 64-Bit Server VM (21.0.10+7-LTS) for windows-amd64 JRE (21.0.10+7-LTS), built on 2026-01-20T00:00:00Z by "admin" with MS VC++ 17.12 (VS2022)

END.
